{"C:\\Users\\hans.kristian.olsen\\source\\repos\\Sepes\\sepes-web\\sepes-web\\src\\components\\common\\StyledComponents.tsx":{"path":"C:\\Users\\hans.kristian.olsen\\source\\repos\\Sepes\\sepes-web\\sepes-web\\src\\components\\common\\StyledComponents.tsx","statementMap":{"0":{"start":{"line":21,"column":14},"end":{"line":35,"column":1}},"1":{"start":{"line":36,"column":0},"end":{"line":36,"column":16}},"2":{"start":{"line":38,"column":27},"end":{"line":52,"column":1}},"3":{"start":{"line":45,"column":4},"end":{"line":49,"column":5}},"4":{"start":{"line":46,"column":8},"end":{"line":48,"column":10}},"5":{"start":{"line":51,"column":4},"end":{"line":51,"column":71}},"6":{"start":{"line":54,"column":27},"end":{"line":58,"column":1}},"7":{"start":{"line":60,"column":27},"end":{"line":66,"column":1}},"8":{"start":{"line":68,"column":19},"end":{"line":74,"column":1}},"9":{"start":{"line":71,"column":41},"end":{"line":71,"column":75}},"10":{"start":{"line":76,"column":30},"end":{"line":78,"column":1}},"11":{"start":{"line":80,"column":21},"end":{"line":87,"column":1}},"12":{"start":{"line":89,"column":13},"end":{"line":96,"column":1}},"13":{"start":{"line":98,"column":24},"end":{"line":105,"column":1}},"14":{"start":{"line":107,"column":22},"end":{"line":111,"column":1}},"15":{"start":{"line":113,"column":28},"end":{"line":117,"column":1}},"16":{"start":{"line":119,"column":21},"end":{"line":128,"column":1}},"17":{"start":{"line":120,"column":22},"end":{"line":120,"column":27}},"18":{"start":{"line":122,"column":4},"end":{"line":127,"column":6}},"19":{"start":{"line":130,"column":24},"end":{"line":139,"column":1}},"20":{"start":{"line":131,"column":39},"end":{"line":131,"column":44}},"21":{"start":{"line":133,"column":4},"end":{"line":138,"column":6}},"22":{"start":{"line":141,"column":35},"end":{"line":150,"column":1}},"23":{"start":{"line":142,"column":39},"end":{"line":142,"column":44}},"24":{"start":{"line":144,"column":4},"end":{"line":149,"column":6}},"25":{"start":{"line":152,"column":29},"end":{"line":161,"column":1}},"26":{"start":{"line":153,"column":22},"end":{"line":153,"column":27}},"27":{"start":{"line":155,"column":4},"end":{"line":160,"column":6}}},"fnMap":{"0":{"name":"(anonymous_0)","decl":{"start":{"line":38,"column":27},"end":{"line":38,"column":28}},"loc":{"start":{"line":44,"column":5},"end":{"line":52,"column":1}},"line":44},"1":{"name":"(anonymous_1)","decl":{"start":{"line":71,"column":24},"end":{"line":71,"column":25}},"loc":{"start":{"line":71,"column":41},"end":{"line":71,"column":75}},"line":71},"2":{"name":"(anonymous_2)","decl":{"start":{"line":119,"column":21},"end":{"line":119,"column":22}},"loc":{"start":{"line":119,"column":37},"end":{"line":128,"column":1}},"line":119},"3":{"name":"(anonymous_3)","decl":{"start":{"line":130,"column":24},"end":{"line":130,"column":25}},"loc":{"start":{"line":130,"column":40},"end":{"line":139,"column":1}},"line":130},"4":{"name":"(anonymous_4)","decl":{"start":{"line":141,"column":35},"end":{"line":141,"column":36}},"loc":{"start":{"line":141,"column":51},"end":{"line":150,"column":1}},"line":141},"5":{"name":"(anonymous_5)","decl":{"start":{"line":152,"column":29},"end":{"line":152,"column":30}},"loc":{"start":{"line":152,"column":45},"end":{"line":161,"column":1}},"line":152}},"branchMap":{"0":{"loc":{"start":{"line":45,"column":4},"end":{"line":49,"column":5}},"type":"if","locations":[{"start":{"line":45,"column":4},"end":{"line":49,"column":5}},{"start":{"line":45,"column":4},"end":{"line":49,"column":5}}],"line":45},"1":{"loc":{"start":{"line":45,"column":8},"end":{"line":45,"column":28}},"type":"binary-expr","locations":[{"start":{"line":45,"column":8},"end":{"line":45,"column":17}},{"start":{"line":45,"column":21},"end":{"line":45,"column":28}}],"line":45},"2":{"loc":{"start":{"line":71,"column":41},"end":{"line":71,"column":75}},"type":"cond-expr","locations":[{"start":{"line":71,"column":55},"end":{"line":71,"column":66}},{"start":{"line":71,"column":69},"end":{"line":71,"column":75}}],"line":71}},"s":{"0":10,"1":10,"2":10,"3":27,"4":5,"5":22,"6":10,"7":10,"8":10,"9":0,"10":10,"11":10,"12":10,"13":10,"14":10,"15":10,"16":10,"17":0,"18":0,"19":10,"20":0,"21":0,"22":10,"23":0,"24":0,"25":10,"26":0,"27":0},"f":{"0":27,"1":0,"2":0,"3":0,"4":0,"5":0},"b":{"0":[5,22],"1":[27,5],"2":[0,0]},"_coverageSchema":"1a1c01bbd47fc00a2c39e90264f33305004495a9","hash":"fdd09c557fd6a88c65e855753e6cc985e30a493a"},"C:\\Users\\hans.kristian.olsen\\source\\repos\\Sepes\\sepes-web\\sepes-web\\src\\components\\common\\customComponents\\SearchWithDropdown.tsx":{"path":"C:\\Users\\hans.kristian.olsen\\source\\repos\\Sepes\\sepes-web\\sepes-web\\src\\components\\common\\customComponents\\SearchWithDropdown.tsx","statementMap":{"0":{"start":{"line":6,"column":20},"end":{"line":13,"column":1}},"1":{"start":{"line":15,"column":16},"end":{"line":23,"column":1}},"2":{"start":{"line":22,"column":35},"end":{"line":22,"column":76}},"3":{"start":{"line":25,"column":27},"end":{"line":64,"column":1}},"4":{"start":{"line":26,"column":42},"end":{"line":26,"column":54}},"5":{"start":{"line":27,"column":38},"end":{"line":30,"column":5}},"6":{"start":{"line":28,"column":22},"end":{"line":28,"column":40}},"7":{"start":{"line":29,"column":8},"end":{"line":29,"column":30}},"8":{"start":{"line":31,"column":4},"end":{"line":63,"column":6}},"9":{"start":{"line":49,"column":28},"end":{"line":58,"column":36}},"10":{"start":{"line":53,"column":40},"end":{"line":53,"column":65}}},"fnMap":{"0":{"name":"(anonymous_0)","decl":{"start":{"line":22,"column":18},"end":{"line":22,"column":19}},"loc":{"start":{"line":22,"column":35},"end":{"line":22,"column":76}},"line":22},"1":{"name":"(anonymous_1)","decl":{"start":{"line":25,"column":27},"end":{"line":25,"column":28}},"loc":{"start":{"line":25,"column":43},"end":{"line":64,"column":1}},"line":25},"2":{"name":"(anonymous_2)","decl":{"start":{"line":27,"column":38},"end":{"line":27,"column":39}},"loc":{"start":{"line":27,"column":49},"end":{"line":30,"column":5}},"line":27},"3":{"name":"(anonymous_3)","decl":{"start":{"line":48,"column":44},"end":{"line":48,"column":45}},"loc":{"start":{"line":49,"column":28},"end":{"line":58,"column":36}},"line":49},"4":{"name":"(anonymous_4)","decl":{"start":{"line":52,"column":45},"end":{"line":52,"column":46}},"loc":{"start":{"line":52,"column":51},"end":{"line":54,"column":37}},"line":52}},"branchMap":{"0":{"loc":{"start":{"line":22,"column":35},"end":{"line":22,"column":76}},"type":"cond-expr","locations":[{"start":{"line":22,"column":50},"end":{"line":22,"column":71}},{"start":{"line":22,"column":74},"end":{"line":22,"column":76}}],"line":22},"1":{"loc":{"start":{"line":34,"column":25},"end":{"line":34,"column":49}},"type":"cond-expr","locations":[{"start":{"line":34,"column":42},"end":{"line":34,"column":45}},{"start":{"line":34,"column":48},"end":{"line":34,"column":49}}],"line":34},"2":{"loc":{"start":{"line":35,"column":31},"end":{"line":35,"column":66}},"type":"cond-expr","locations":[{"start":{"line":35,"column":48},"end":{"line":35,"column":54}},{"start":{"line":35,"column":57},"end":{"line":35,"column":66}}],"line":35},"3":{"loc":{"start":{"line":41,"column":23},"end":{"line":41,"column":48}},"type":"binary-expr","locations":[{"start":{"line":41,"column":23},"end":{"line":41,"column":33}},{"start":{"line":41,"column":37},"end":{"line":41,"column":48}}],"line":41},"4":{"loc":{"start":{"line":44,"column":13},"end":{"line":61,"column":13}},"type":"binary-expr","locations":[{"start":{"line":44,"column":13},"end":{"line":44,"column":28}},{"start":{"line":45,"column":16},"end":{"line":60,"column":26}}],"line":44},"5":{"loc":{"start":{"line":46,"column":21},"end":{"line":59,"column":25}},"type":"binary-expr","locations":[{"start":{"line":46,"column":22},"end":{"line":46,"column":34}},{"start":{"line":46,"column":38},"end":{"line":46,"column":49}},{"start":{"line":47,"column":24},"end":{"line":47,"column":39}},{"start":{"line":48,"column":24},"end":{"line":59,"column":25}}],"line":46},"6":{"loc":{"start":{"line":49,"column":28},"end":{"line":58,"column":36}},"type":"cond-expr","locations":[{"start":{"line":50,"column":32},"end":{"line":57,"column":46}},{"start":{"line":58,"column":32},"end":{"line":58,"column":36}}],"line":49},"7":{"loc":{"start":{"line":49,"column":28},"end":{"line":49,"column":111}},"type":"binary-expr","locations":[{"start":{"line":49,"column":28},"end":{"line":49,"column":86}},{"start":{"line":49,"column":90},"end":{"line":49,"column":111}}],"line":49}},"s":{"0":2,"1":2,"2":2,"3":2,"4":2,"5":2,"6":0,"7":0,"8":2,"9":4,"10":1},"f":{"0":2,"1":2,"2":0,"3":4,"4":1},"b":{"0":[2,0],"1":[0,2],"2":[0,2],"3":[2,2],"4":[2,2],"5":[2,0,2,2],"6":[4,0],"7":[4,4]},"_coverageSchema":"1a1c01bbd47fc00a2c39e90264f33305004495a9","hash":"562318c406c9242aaf81eabd8d06eb833af25266"},"C:\\Users\\hans.kristian.olsen\\source\\repos\\Sepes\\sepes-web\\sepes-web\\src\\components\\common\\helpers\\datasetHelpers.tsx":{"path":"C:\\Users\\hans.kristian.olsen\\source\\repos\\Sepes\\sepes-web\\sepes-web\\src\\components\\common\\helpers\\datasetHelpers.tsx","statementMap":{"0":{"start":{"line":4,"column":35},"end":{"line":12,"column":1}},"1":{"start":{"line":5,"column":4},"end":{"line":7,"column":5}},"2":{"start":{"line":6,"column":8},"end":{"line":6,"column":20}},"3":{"start":{"line":8,"column":4},"end":{"line":10,"column":5}},"4":{"start":{"line":9,"column":8},"end":{"line":9,"column":20}},"5":{"start":{"line":11,"column":4},"end":{"line":11,"column":17}},"6":{"start":{"line":14,"column":44},"end":{"line":30,"column":1}},"7":{"start":{"line":15,"column":26},"end":{"line":15,"column":28}},"8":{"start":{"line":16,"column":4},"end":{"line":23,"column":7}},"9":{"start":{"line":17,"column":20},"end":{"line":21,"column":31}},"10":{"start":{"line":19,"column":16},"end":{"line":19,"column":30}},"11":{"start":{"line":22,"column":8},"end":{"line":22,"column":44}},"12":{"start":{"line":22,"column":24},"end":{"line":22,"column":44}},"13":{"start":{"line":25,"column":4},"end":{"line":27,"column":5}},"14":{"start":{"line":26,"column":8},"end":{"line":26,"column":32}},"15":{"start":{"line":29,"column":4},"end":{"line":29,"column":20}},"16":{"start":{"line":32,"column":38},"end":{"line":44,"column":1}},"17":{"start":{"line":33,"column":4},"end":{"line":35,"column":5}},"18":{"start":{"line":34,"column":8},"end":{"line":34,"column":20}},"19":{"start":{"line":36,"column":18},"end":{"line":36,"column":76}},"20":{"start":{"line":36,"column":54},"end":{"line":36,"column":75}},"21":{"start":{"line":37,"column":4},"end":{"line":39,"column":5}},"22":{"start":{"line":38,"column":8},"end":{"line":38,"column":21}},"23":{"start":{"line":40,"column":4},"end":{"line":42,"column":5}},"24":{"start":{"line":41,"column":8},"end":{"line":41,"column":20}},"25":{"start":{"line":43,"column":4},"end":{"line":43,"column":17}},"26":{"start":{"line":46,"column":44},"end":{"line":51,"column":1}},"27":{"start":{"line":47,"column":4},"end":{"line":50,"column":7}},"28":{"start":{"line":48,"column":28},"end":{"line":48,"column":98}},"29":{"start":{"line":49,"column":8},"end":{"line":49,"column":37}},"30":{"start":{"line":53,"column":40},"end":{"line":58,"column":1}},"31":{"start":{"line":54,"column":4},"end":{"line":56,"column":5}},"32":{"start":{"line":55,"column":8},"end":{"line":55,"column":20}},"33":{"start":{"line":57,"column":4},"end":{"line":57,"column":17}},"34":{"start":{"line":60,"column":45},"end":{"line":69,"column":1}},"35":{"start":{"line":61,"column":4},"end":{"line":63,"column":5}},"36":{"start":{"line":62,"column":8},"end":{"line":62,"column":18}},"37":{"start":{"line":64,"column":18},"end":{"line":64,"column":41}},"38":{"start":{"line":65,"column":4},"end":{"line":67,"column":5}},"39":{"start":{"line":66,"column":8},"end":{"line":66,"column":43}},"40":{"start":{"line":68,"column":4},"end":{"line":68,"column":16}},"41":{"start":{"line":71,"column":28},"end":{"line":79,"column":1}},"42":{"start":{"line":72,"column":4},"end":{"line":77,"column":5}},"43":{"start":{"line":72,"column":17},"end":{"line":72,"column":18}},"44":{"start":{"line":73,"column":29},"end":{"line":73,"column":78}},"45":{"start":{"line":74,"column":8},"end":{"line":76,"column":9}},"46":{"start":{"line":75,"column":12},"end":{"line":75,"column":21}},"47":{"start":{"line":78,"column":4},"end":{"line":78,"column":14}}},"fnMap":{"0":{"name":"(anonymous_0)","decl":{"start":{"line":4,"column":35},"end":{"line":4,"column":36}},"loc":{"start":{"line":4,"column":60},"end":{"line":12,"column":1}},"line":4},"1":{"name":"(anonymous_1)","decl":{"start":{"line":14,"column":44},"end":{"line":14,"column":45}},"loc":{"start":{"line":14,"column":96},"end":{"line":30,"column":1}},"line":14},"2":{"name":"(anonymous_2)","decl":{"start":{"line":16,"column":25},"end":{"line":16,"column":26}},"loc":{"start":{"line":16,"column":40},"end":{"line":23,"column":5}},"line":16},"3":{"name":"(anonymous_3)","decl":{"start":{"line":18,"column":17},"end":{"line":18,"column":18}},"loc":{"start":{"line":18,"column":24},"end":{"line":20,"column":13}},"line":18},"4":{"name":"(anonymous_4)","decl":{"start":{"line":32,"column":38},"end":{"line":32,"column":39}},"loc":{"start":{"line":32,"column":94},"end":{"line":44,"column":1}},"line":32},"5":{"name":"(anonymous_5)","decl":{"start":{"line":36,"column":42},"end":{"line":36,"column":43}},"loc":{"start":{"line":36,"column":54},"end":{"line":36,"column":75}},"line":36},"6":{"name":"(anonymous_6)","decl":{"start":{"line":46,"column":44},"end":{"line":46,"column":45}},"loc":{"start":{"line":46,"column":73},"end":{"line":51,"column":1}},"line":46},"7":{"name":"(anonymous_7)","decl":{"start":{"line":47,"column":19},"end":{"line":47,"column":20}},"loc":{"start":{"line":47,"column":40},"end":{"line":50,"column":5}},"line":47},"8":{"name":"(anonymous_8)","decl":{"start":{"line":53,"column":40},"end":{"line":53,"column":41}},"loc":{"start":{"line":53,"column":46},"end":{"line":58,"column":1}},"line":53},"9":{"name":"(anonymous_9)","decl":{"start":{"line":60,"column":45},"end":{"line":60,"column":46}},"loc":{"start":{"line":60,"column":82},"end":{"line":69,"column":1}},"line":60},"10":{"name":"(anonymous_10)","decl":{"start":{"line":71,"column":28},"end":{"line":71,"column":29}},"loc":{"start":{"line":71,"column":52},"end":{"line":79,"column":1}},"line":71}},"branchMap":{"0":{"loc":{"start":{"line":5,"column":4},"end":{"line":7,"column":5}},"type":"if","locations":[{"start":{"line":5,"column":4},"end":{"line":7,"column":5}},{"start":{"line":5,"column":4},"end":{"line":7,"column":5}}],"line":5},"1":{"loc":{"start":{"line":5,"column":8},"end":{"line":5,"column":96}},"type":"binary-expr","locations":[{"start":{"line":5,"column":8},"end":{"line":5,"column":30}},{"start":{"line":5,"column":34},"end":{"line":5,"column":66}},{"start":{"line":5,"column":70},"end":{"line":5,"column":96}}],"line":5},"2":{"loc":{"start":{"line":8,"column":4},"end":{"line":10,"column":5}},"type":"if","locations":[{"start":{"line":8,"column":4},"end":{"line":10,"column":5}},{"start":{"line":8,"column":4},"end":{"line":10,"column":5}}],"line":8},"3":{"loc":{"start":{"line":8,"column":8},"end":{"line":8,"column":92}},"type":"binary-expr","locations":[{"start":{"line":8,"column":8},"end":{"line":8,"column":23}},{"start":{"line":8,"column":27},"end":{"line":8,"column":92}}],"line":8},"4":{"loc":{"start":{"line":22,"column":8},"end":{"line":22,"column":44}},"type":"if","locations":[{"start":{"line":22,"column":8},"end":{"line":22,"column":44}},{"start":{"line":22,"column":8},"end":{"line":22,"column":44}}],"line":22},"5":{"loc":{"start":{"line":25,"column":4},"end":{"line":27,"column":5}},"type":"if","locations":[{"start":{"line":25,"column":4},"end":{"line":27,"column":5}},{"start":{"line":25,"column":4},"end":{"line":27,"column":5}}],"line":25},"6":{"loc":{"start":{"line":33,"column":4},"end":{"line":35,"column":5}},"type":"if","locations":[{"start":{"line":33,"column":4},"end":{"line":35,"column":5}},{"start":{"line":33,"column":4},"end":{"line":35,"column":5}}],"line":33},"7":{"loc":{"start":{"line":37,"column":4},"end":{"line":39,"column":5}},"type":"if","locations":[{"start":{"line":37,"column":4},"end":{"line":39,"column":5}},{"start":{"line":37,"column":4},"end":{"line":39,"column":5}}],"line":37},"8":{"loc":{"start":{"line":40,"column":4},"end":{"line":42,"column":5}},"type":"if","locations":[{"start":{"line":40,"column":4},"end":{"line":42,"column":5}},{"start":{"line":40,"column":4},"end":{"line":42,"column":5}}],"line":40},"9":{"loc":{"start":{"line":54,"column":4},"end":{"line":56,"column":5}},"type":"if","locations":[{"start":{"line":54,"column":4},"end":{"line":56,"column":5}},{"start":{"line":54,"column":4},"end":{"line":56,"column":5}}],"line":54},"10":{"loc":{"start":{"line":61,"column":4},"end":{"line":63,"column":5}},"type":"if","locations":[{"start":{"line":61,"column":4},"end":{"line":63,"column":5}},{"start":{"line":61,"column":4},"end":{"line":63,"column":5}}],"line":61},"11":{"loc":{"start":{"line":61,"column":8},"end":{"line":61,"column":53}},"type":"binary-expr","locations":[{"start":{"line":61,"column":8},"end":{"line":61,"column":26}},{"start":{"line":61,"column":30},"end":{"line":61,"column":53}}],"line":61},"12":{"loc":{"start":{"line":65,"column":4},"end":{"line":67,"column":5}},"type":"if","locations":[{"start":{"line":65,"column":4},"end":{"line":67,"column":5}},{"start":{"line":65,"column":4},"end":{"line":67,"column":5}}],"line":65},"13":{"loc":{"start":{"line":74,"column":8},"end":{"line":76,"column":9}},"type":"if","locations":[{"start":{"line":74,"column":8},"end":{"line":76,"column":9}},{"start":{"line":74,"column":8},"end":{"line":76,"column":9}}],"line":74}},"s":{"0":4,"1":14,"2":8,"3":6,"4":0,"5":6,"6":4,"7":4,"8":4,"9":6,"10":6,"11":6,"12":2,"13":4,"14":4,"15":4,"16":4,"17":0,"18":0,"19":0,"20":0,"21":0,"22":0,"23":0,"24":0,"25":0,"26":4,"27":0,"28":0,"29":0,"30":4,"31":0,"32":0,"33":0,"34":4,"35":4,"36":0,"37":4,"38":4,"39":2,"40":2,"41":4,"42":2,"43":2,"44":2,"45":2,"46":2,"47":0},"f":{"0":14,"1":4,"2":6,"3":6,"4":0,"5":0,"6":0,"7":0,"8":0,"9":4,"10":2},"b":{"0":[8,6],"1":[14,10,8],"2":[0,6],"3":[6,0],"4":[2,4],"5":[4,0],"6":[0,0],"7":[0,0],"8":[0,0],"9":[0,0],"10":[0,4],"11":[4,4],"12":[2,2],"13":[2,0]},"_coverageSchema":"1a1c01bbd47fc00a2c39e90264f33305004495a9","hash":"2253e5ac1b979fba3a0f5daea69bd62fdaddd69d"},"C:\\Users\\hans.kristian.olsen\\source\\repos\\Sepes\\sepes-web\\sepes-web\\src\\components\\common\\helpers\\helpers.tsx":{"path":"C:\\Users\\hans.kristian.olsen\\source\\repos\\Sepes\\sepes-web\\sepes-web\\src\\components\\common\\helpers\\helpers.tsx","statementMap":{"0":{"start":{"line":4,"column":25},"end":{"line":15,"column":1}},"1":{"start":{"line":5,"column":4},"end":{"line":14,"column":13}},"2":{"start":{"line":7,"column":14},"end":{"line":12,"column":16}},"3":{"start":{"line":17,"column":44},"end":{"line":22,"column":1}},"4":{"start":{"line":18,"column":4},"end":{"line":20,"column":5}},"5":{"start":{"line":19,"column":8},"end":{"line":19,"column":23}},"6":{"start":{"line":21,"column":4},"end":{"line":21,"column":21}},"7":{"start":{"line":24,"column":47},"end":{"line":29,"column":1}},"8":{"start":{"line":25,"column":4},"end":{"line":27,"column":5}},"9":{"start":{"line":26,"column":8},"end":{"line":26,"column":23}},"10":{"start":{"line":28,"column":4},"end":{"line":28,"column":21}},"11":{"start":{"line":31,"column":27},"end":{"line":41,"column":1}},"12":{"start":{"line":32,"column":4},"end":{"line":32,"column":38}},"13":{"start":{"line":32,"column":21},"end":{"line":32,"column":38}},"14":{"start":{"line":34,"column":14},"end":{"line":34,"column":18}},"15":{"start":{"line":35,"column":15},"end":{"line":35,"column":42}},"16":{"start":{"line":36,"column":18},"end":{"line":36,"column":71}},"17":{"start":{"line":38,"column":14},"end":{"line":38,"column":55}},"18":{"start":{"line":40,"column":4},"end":{"line":40,"column":77}},"19":{"start":{"line":43,"column":29},"end":{"line":48,"column":1}},"20":{"start":{"line":44,"column":4},"end":{"line":46,"column":5}},"21":{"start":{"line":45,"column":8},"end":{"line":45,"column":20}},"22":{"start":{"line":47,"column":4},"end":{"line":47,"column":17}},"23":{"start":{"line":50,"column":31},"end":{"line":55,"column":1}},"24":{"start":{"line":51,"column":4},"end":{"line":53,"column":5}},"25":{"start":{"line":52,"column":8},"end":{"line":52,"column":42}},"26":{"start":{"line":54,"column":4},"end":{"line":54,"column":24}},"27":{"start":{"line":57,"column":24},"end":{"line":62,"column":1}},"28":{"start":{"line":58,"column":4},"end":{"line":60,"column":5}},"29":{"start":{"line":59,"column":8},"end":{"line":59,"column":57}},"30":{"start":{"line":61,"column":4},"end":{"line":61,"column":17}},"31":{"start":{"line":64,"column":32},"end":{"line":74,"column":1}},"32":{"start":{"line":66,"column":18},"end":{"line":66,"column":31}},"33":{"start":{"line":68,"column":19},"end":{"line":68,"column":32}},"34":{"start":{"line":70,"column":20},"end":{"line":70,"column":38}},"35":{"start":{"line":72,"column":18},"end":{"line":72,"column":33}},"36":{"start":{"line":73,"column":4},"end":{"line":73,"column":107}},"37":{"start":{"line":76,"column":23},"end":{"line":79,"column":1}},"38":{"start":{"line":77,"column":4},"end":{"line":77,"column":48}},"39":{"start":{"line":77,"column":20},"end":{"line":77,"column":48}},"40":{"start":{"line":78,"column":4},"end":{"line":78,"column":69}},"41":{"start":{"line":81,"column":25},"end":{"line":84,"column":1}},"42":{"start":{"line":82,"column":4},"end":{"line":82,"column":31}},"43":{"start":{"line":82,"column":20},"end":{"line":82,"column":31}},"44":{"start":{"line":83,"column":4},"end":{"line":83,"column":51}},"45":{"start":{"line":86,"column":21},"end":{"line":89,"column":1}},"46":{"start":{"line":87,"column":4},"end":{"line":87,"column":31}},"47":{"start":{"line":87,"column":20},"end":{"line":87,"column":31}},"48":{"start":{"line":88,"column":4},"end":{"line":88,"column":51}},"49":{"start":{"line":91,"column":30},"end":{"line":94,"column":1}},"50":{"start":{"line":92,"column":23},"end":{"line":92,"column":80}},"51":{"start":{"line":93,"column":4},"end":{"line":93,"column":31}},"52":{"start":{"line":96,"column":52},"end":{"line":99,"column":1}},"53":{"start":{"line":97,"column":27},"end":{"line":97,"column":37}},"54":{"start":{"line":98,"column":4},"end":{"line":98,"column":39}},"55":{"start":{"line":101,"column":36},"end":{"line":109,"column":1}},"56":{"start":{"line":102,"column":4},"end":{"line":104,"column":5}},"57":{"start":{"line":103,"column":8},"end":{"line":103,"column":21}},"58":{"start":{"line":105,"column":30},"end":{"line":105,"column":54}},"59":{"start":{"line":106,"column":34},"end":{"line":106,"column":50}},"60":{"start":{"line":107,"column":18},"end":{"line":107,"column":32}},"61":{"start":{"line":108,"column":4},"end":{"line":108,"column":90}},"62":{"start":{"line":111,"column":26},"end":{"line":117,"column":1}},"63":{"start":{"line":113,"column":4},"end":{"line":115,"column":5}},"64":{"start":{"line":114,"column":8},"end":{"line":114,"column":21}},"65":{"start":{"line":116,"column":4},"end":{"line":116,"column":54}}},"fnMap":{"0":{"name":"(anonymous_0)","decl":{"start":{"line":4,"column":25},"end":{"line":4,"column":26}},"loc":{"start":{"line":4,"column":35},"end":{"line":15,"column":1}},"line":4},"1":{"name":"(anonymous_1)","decl":{"start":{"line":6,"column":31},"end":{"line":6,"column":32}},"loc":{"start":{"line":6,"column":65},"end":{"line":13,"column":11}},"line":6},"2":{"name":"(anonymous_2)","decl":{"start":{"line":17,"column":44},"end":{"line":17,"column":45}},"loc":{"start":{"line":17,"column":89},"end":{"line":22,"column":1}},"line":17},"3":{"name":"(anonymous_3)","decl":{"start":{"line":24,"column":47},"end":{"line":24,"column":48}},"loc":{"start":{"line":24,"column":63},"end":{"line":29,"column":1}},"line":24},"4":{"name":"(anonymous_4)","decl":{"start":{"line":31,"column":27},"end":{"line":31,"column":28}},"loc":{"start":{"line":31,"column":57},"end":{"line":41,"column":1}},"line":31},"5":{"name":"(anonymous_5)","decl":{"start":{"line":43,"column":29},"end":{"line":43,"column":30}},"loc":{"start":{"line":43,"column":47},"end":{"line":48,"column":1}},"line":43},"6":{"name":"(anonymous_6)","decl":{"start":{"line":50,"column":31},"end":{"line":50,"column":32}},"loc":{"start":{"line":50,"column":65},"end":{"line":55,"column":1}},"line":50},"7":{"name":"(anonymous_7)","decl":{"start":{"line":57,"column":24},"end":{"line":57,"column":25}},"loc":{"start":{"line":57,"column":66},"end":{"line":62,"column":1}},"line":57},"8":{"name":"(anonymous_8)","decl":{"start":{"line":64,"column":32},"end":{"line":64,"column":33}},"loc":{"start":{"line":64,"column":63},"end":{"line":74,"column":1}},"line":64},"9":{"name":"(anonymous_9)","decl":{"start":{"line":76,"column":23},"end":{"line":76,"column":24}},"loc":{"start":{"line":76,"column":67},"end":{"line":79,"column":1}},"line":76},"10":{"name":"(anonymous_10)","decl":{"start":{"line":81,"column":25},"end":{"line":81,"column":26}},"loc":{"start":{"line":81,"column":69},"end":{"line":84,"column":1}},"line":81},"11":{"name":"(anonymous_11)","decl":{"start":{"line":86,"column":21},"end":{"line":86,"column":22}},"loc":{"start":{"line":86,"column":65},"end":{"line":89,"column":1}},"line":86},"12":{"name":"(anonymous_12)","decl":{"start":{"line":91,"column":30},"end":{"line":91,"column":31}},"loc":{"start":{"line":91,"column":46},"end":{"line":94,"column":1}},"line":91},"13":{"name":"(anonymous_13)","decl":{"start":{"line":96,"column":52},"end":{"line":96,"column":53}},"loc":{"start":{"line":96,"column":72},"end":{"line":99,"column":1}},"line":96},"14":{"name":"(anonymous_14)","decl":{"start":{"line":101,"column":36},"end":{"line":101,"column":37}},"loc":{"start":{"line":101,"column":63},"end":{"line":109,"column":1}},"line":101},"15":{"name":"(anonymous_15)","decl":{"start":{"line":111,"column":26},"end":{"line":111,"column":27}},"loc":{"start":{"line":111,"column":35},"end":{"line":117,"column":1}},"line":111}},"branchMap":{"0":{"loc":{"start":{"line":5,"column":11},"end":{"line":14,"column":12}},"type":"cond-expr","locations":[{"start":{"line":6,"column":10},"end":{"line":13,"column":12}},{"start":{"line":14,"column":10},"end":{"line":14,"column":12}}],"line":5},"1":{"loc":{"start":{"line":18,"column":4},"end":{"line":20,"column":5}},"type":"if","locations":[{"start":{"line":18,"column":4},"end":{"line":20,"column":5}},{"start":{"line":18,"column":4},"end":{"line":20,"column":5}}],"line":18},"2":{"loc":{"start":{"line":18,"column":8},"end":{"line":18,"column":66}},"type":"binary-expr","locations":[{"start":{"line":18,"column":9},"end":{"line":18,"column":21}},{"start":{"line":18,"column":25},"end":{"line":18,"column":44}},{"start":{"line":18,"column":49},"end":{"line":18,"column":66}}],"line":18},"3":{"loc":{"start":{"line":25,"column":4},"end":{"line":27,"column":5}},"type":"if","locations":[{"start":{"line":25,"column":4},"end":{"line":27,"column":5}},{"start":{"line":25,"column":4},"end":{"line":27,"column":5}}],"line":25},"4":{"loc":{"start":{"line":25,"column":8},"end":{"line":25,"column":52}},"type":"binary-expr","locations":[{"start":{"line":25,"column":8},"end":{"line":25,"column":36}},{"start":{"line":25,"column":40},"end":{"line":25,"column":52}}],"line":25},"5":{"loc":{"start":{"line":31,"column":40},"end":{"line":31,"column":52}},"type":"default-arg","locations":[{"start":{"line":31,"column":51},"end":{"line":31,"column":52}}],"line":31},"6":{"loc":{"start":{"line":32,"column":4},"end":{"line":32,"column":38}},"type":"if","locations":[{"start":{"line":32,"column":4},"end":{"line":32,"column":38}},{"start":{"line":32,"column":4},"end":{"line":32,"column":38}}],"line":32},"7":{"loc":{"start":{"line":35,"column":15},"end":{"line":35,"column":42}},"type":"cond-expr","locations":[{"start":{"line":35,"column":30},"end":{"line":35,"column":31}},{"start":{"line":35,"column":34},"end":{"line":35,"column":42}}],"line":35},"8":{"loc":{"start":{"line":44,"column":4},"end":{"line":46,"column":5}},"type":"if","locations":[{"start":{"line":44,"column":4},"end":{"line":46,"column":5}},{"start":{"line":44,"column":4},"end":{"line":46,"column":5}}],"line":44},"9":{"loc":{"start":{"line":51,"column":4},"end":{"line":53,"column":5}},"type":"if","locations":[{"start":{"line":51,"column":4},"end":{"line":53,"column":5}},{"start":{"line":51,"column":4},"end":{"line":53,"column":5}}],"line":51},"10":{"loc":{"start":{"line":58,"column":4},"end":{"line":60,"column":5}},"type":"if","locations":[{"start":{"line":58,"column":4},"end":{"line":60,"column":5}},{"start":{"line":58,"column":4},"end":{"line":60,"column":5}}],"line":58},"11":{"loc":{"start":{"line":58,"column":8},"end":{"line":58,"column":45}},"type":"binary-expr","locations":[{"start":{"line":58,"column":8},"end":{"line":58,"column":13}},{"start":{"line":58,"column":17},"end":{"line":58,"column":45}}],"line":58},"12":{"loc":{"start":{"line":73,"column":11},"end":{"line":73,"column":106}},"type":"binary-expr","locations":[{"start":{"line":73,"column":11},"end":{"line":73,"column":31}},{"start":{"line":73,"column":35},"end":{"line":73,"column":56}},{"start":{"line":73,"column":60},"end":{"line":73,"column":82}},{"start":{"line":73,"column":86},"end":{"line":73,"column":106}}],"line":73},"13":{"loc":{"start":{"line":77,"column":4},"end":{"line":77,"column":48}},"type":"if","locations":[{"start":{"line":77,"column":4},"end":{"line":77,"column":48}},{"start":{"line":77,"column":4},"end":{"line":77,"column":48}}],"line":77},"14":{"loc":{"start":{"line":82,"column":4},"end":{"line":82,"column":31}},"type":"if","locations":[{"start":{"line":82,"column":4},"end":{"line":82,"column":31}},{"start":{"line":82,"column":4},"end":{"line":82,"column":31}}],"line":82},"15":{"loc":{"start":{"line":87,"column":4},"end":{"line":87,"column":31}},"type":"if","locations":[{"start":{"line":87,"column":4},"end":{"line":87,"column":31}},{"start":{"line":87,"column":4},"end":{"line":87,"column":31}}],"line":87},"16":{"loc":{"start":{"line":102,"column":4},"end":{"line":104,"column":5}},"type":"if","locations":[{"start":{"line":102,"column":4},"end":{"line":104,"column":5}},{"start":{"line":102,"column":4},"end":{"line":104,"column":5}}],"line":102},"17":{"loc":{"start":{"line":102,"column":8},"end":{"line":102,"column":41}},"type":"binary-expr","locations":[{"start":{"line":102,"column":8},"end":{"line":102,"column":19}},{"start":{"line":102,"column":23},"end":{"line":102,"column":41}}],"line":102},"18":{"loc":{"start":{"line":108,"column":11},"end":{"line":108,"column":89}},"type":"binary-expr","locations":[{"start":{"line":108,"column":11},"end":{"line":108,"column":56}},{"start":{"line":108,"column":60},"end":{"line":108,"column":89}}],"line":108},"19":{"loc":{"start":{"line":113,"column":4},"end":{"line":115,"column":5}},"type":"if","locations":[{"start":{"line":113,"column":4},"end":{"line":115,"column":5}},{"start":{"line":113,"column":4},"end":{"line":115,"column":5}}],"line":113}},"s":{"0":13,"1":3,"2":3,"3":13,"4":26,"5":2,"6":24,"7":13,"8":12,"9":2,"10":10,"11":13,"12":18,"13":0,"14":18,"15":18,"16":18,"17":18,"18":18,"19":13,"20":0,"21":0,"22":0,"23":13,"24":14,"25":13,"26":1,"27":13,"28":11,"29":2,"30":9,"31":13,"32":22,"33":22,"34":22,"35":22,"36":22,"37":13,"38":2,"39":0,"40":2,"41":13,"42":0,"43":0,"44":0,"45":13,"46":0,"47":0,"48":0,"49":13,"50":0,"51":0,"52":13,"53":4,"54":4,"55":13,"56":40,"57":8,"58":32,"59":32,"60":32,"61":32,"62":13,"63":6,"64":0,"65":6},"f":{"0":3,"1":3,"2":26,"3":12,"4":18,"5":0,"6":14,"7":11,"8":22,"9":2,"10":0,"11":0,"12":0,"13":4,"14":40,"15":6},"b":{"0":[3,0],"1":[2,24],"2":[26,15,12],"3":[2,10],"4":[12,2],"5":[18],"6":[0,18],"7":[0,18],"8":[0,0],"9":[13,1],"10":[2,9],"11":[11,11],"12":[22,12,12,12],"13":[0,2],"14":[0,0],"15":[0,0],"16":[8,32],"17":[40,34],"18":[32,28],"19":[0,6]},"_coverageSchema":"1a1c01bbd47fc00a2c39e90264f33305004495a9","hash":"3703d0ff150a282bea4906521de28ebc37937b51"},"C:\\Users\\hans.kristian.olsen\\source\\repos\\Sepes\\sepes-web\\sepes-web\\src\\components\\common\\helpers\\sandboxHelpers.tsx":{"path":"C:\\Users\\hans.kristian.olsen\\source\\repos\\Sepes\\sepes-web\\sepes-web\\src\\components\\common\\helpers\\sandboxHelpers.tsx","statementMap":{"0":{"start":{"line":4,"column":40},"end":{"line":9,"column":1}},"1":{"start":{"line":5,"column":4},"end":{"line":7,"column":5}},"2":{"start":{"line":6,"column":8},"end":{"line":6,"column":21}},"3":{"start":{"line":8,"column":4},"end":{"line":8,"column":16}},"4":{"start":{"line":11,"column":33},"end":{"line":32,"column":1}},"5":{"start":{"line":17,"column":4},"end":{"line":19,"column":5}},"6":{"start":{"line":18,"column":8},"end":{"line":18,"column":21}},"7":{"start":{"line":20,"column":4},"end":{"line":30,"column":5}},"8":{"start":{"line":29,"column":8},"end":{"line":29,"column":20}},"9":{"start":{"line":31,"column":4},"end":{"line":31,"column":17}},"10":{"start":{"line":34,"column":27},"end":{"line":42,"column":1}},"11":{"start":{"line":35,"column":4},"end":{"line":37,"column":5}},"12":{"start":{"line":36,"column":8},"end":{"line":36,"column":18}},"13":{"start":{"line":38,"column":4},"end":{"line":40,"column":5}},"14":{"start":{"line":39,"column":8},"end":{"line":39,"column":22}},"15":{"start":{"line":41,"column":4},"end":{"line":41,"column":67}},"16":{"start":{"line":41,"column":35},"end":{"line":41,"column":65}},"17":{"start":{"line":44,"column":37},"end":{"line":52,"column":1}},"18":{"start":{"line":45,"column":4},"end":{"line":47,"column":5}},"19":{"start":{"line":46,"column":8},"end":{"line":46,"column":25}},"20":{"start":{"line":48,"column":4},"end":{"line":50,"column":5}},"21":{"start":{"line":49,"column":8},"end":{"line":49,"column":25}},"22":{"start":{"line":51,"column":4},"end":{"line":51,"column":19}},"23":{"start":{"line":54,"column":37},"end":{"line":62,"column":1}},"24":{"start":{"line":55,"column":4},"end":{"line":57,"column":5}},"25":{"start":{"line":56,"column":8},"end":{"line":56,"column":25}},"26":{"start":{"line":58,"column":4},"end":{"line":60,"column":5}},"27":{"start":{"line":59,"column":8},"end":{"line":59,"column":25}},"28":{"start":{"line":61,"column":4},"end":{"line":61,"column":19}},"29":{"start":{"line":64,"column":30},"end":{"line":72,"column":1}},"30":{"start":{"line":65,"column":4},"end":{"line":67,"column":5}},"31":{"start":{"line":66,"column":8},"end":{"line":66,"column":21}},"32":{"start":{"line":68,"column":30},"end":{"line":68,"column":56}},"33":{"start":{"line":69,"column":43},"end":{"line":69,"column":60}},"34":{"start":{"line":70,"column":18},"end":{"line":70,"column":32}},"35":{"start":{"line":71,"column":4},"end":{"line":71,"column":99}}},"fnMap":{"0":{"name":"(anonymous_0)","decl":{"start":{"line":4,"column":40},"end":{"line":4,"column":41}},"loc":{"start":{"line":4,"column":88},"end":{"line":9,"column":1}},"line":4},"1":{"name":"(anonymous_1)","decl":{"start":{"line":11,"column":33},"end":{"line":11,"column":34}},"loc":{"start":{"line":16,"column":5},"end":{"line":32,"column":1}},"line":16},"2":{"name":"(anonymous_2)","decl":{"start":{"line":34,"column":27},"end":{"line":34,"column":28}},"loc":{"start":{"line":34,"column":52},"end":{"line":42,"column":1}},"line":34},"3":{"name":"(anonymous_3)","decl":{"start":{"line":41,"column":25},"end":{"line":41,"column":26}},"loc":{"start":{"line":41,"column":35},"end":{"line":41,"column":65}},"line":41},"4":{"name":"(anonymous_4)","decl":{"start":{"line":44,"column":37},"end":{"line":44,"column":38}},"loc":{"start":{"line":44,"column":61},"end":{"line":52,"column":1}},"line":44},"5":{"name":"(anonymous_5)","decl":{"start":{"line":54,"column":37},"end":{"line":54,"column":38}},"loc":{"start":{"line":54,"column":99},"end":{"line":62,"column":1}},"line":54},"6":{"name":"(anonymous_6)","decl":{"start":{"line":64,"column":30},"end":{"line":64,"column":31}},"loc":{"start":{"line":64,"column":50},"end":{"line":72,"column":1}},"line":64}},"branchMap":{"0":{"loc":{"start":{"line":5,"column":4},"end":{"line":7,"column":5}},"type":"if","locations":[{"start":{"line":5,"column":4},"end":{"line":7,"column":5}},{"start":{"line":5,"column":4},"end":{"line":7,"column":5}}],"line":5},"1":{"loc":{"start":{"line":5,"column":8},"end":{"line":5,"column":91}},"type":"binary-expr","locations":[{"start":{"line":5,"column":8},"end":{"line":5,"column":21}},{"start":{"line":5,"column":25},"end":{"line":5,"column":40}},{"start":{"line":5,"column":44},"end":{"line":5,"column":79}},{"start":{"line":5,"column":83},"end":{"line":5,"column":91}}],"line":5},"2":{"loc":{"start":{"line":17,"column":4},"end":{"line":19,"column":5}},"type":"if","locations":[{"start":{"line":17,"column":4},"end":{"line":19,"column":5}},{"start":{"line":17,"column":4},"end":{"line":19,"column":5}}],"line":17},"3":{"loc":{"start":{"line":17,"column":8},"end":{"line":17,"column":35}},"type":"binary-expr","locations":[{"start":{"line":17,"column":8},"end":{"line":17,"column":15}},{"start":{"line":17,"column":19},"end":{"line":17,"column":35}}],"line":17},"4":{"loc":{"start":{"line":20,"column":4},"end":{"line":30,"column":5}},"type":"if","locations":[{"start":{"line":20,"column":4},"end":{"line":30,"column":5}},{"start":{"line":20,"column":4},"end":{"line":30,"column":5}}],"line":20},"5":{"loc":{"start":{"line":21,"column":8},"end":{"line":27,"column":31}},"type":"binary-expr","locations":[{"start":{"line":21,"column":8},"end":{"line":21,"column":37}},{"start":{"line":22,"column":8},"end":{"line":22,"column":22}},{"start":{"line":23,"column":8},"end":{"line":23,"column":33}},{"start":{"line":24,"column":8},"end":{"line":24,"column":22}},{"start":{"line":25,"column":8},"end":{"line":25,"column":31}},{"start":{"line":26,"column":8},"end":{"line":26,"column":23}},{"start":{"line":27,"column":8},"end":{"line":27,"column":31}}],"line":21},"6":{"loc":{"start":{"line":35,"column":4},"end":{"line":37,"column":5}},"type":"if","locations":[{"start":{"line":35,"column":4},"end":{"line":37,"column":5}},{"start":{"line":35,"column":4},"end":{"line":37,"column":5}}],"line":35},"7":{"loc":{"start":{"line":38,"column":4},"end":{"line":40,"column":5}},"type":"if","locations":[{"start":{"line":38,"column":4},"end":{"line":40,"column":5}},{"start":{"line":38,"column":4},"end":{"line":40,"column":5}}],"line":38},"8":{"loc":{"start":{"line":45,"column":4},"end":{"line":47,"column":5}},"type":"if","locations":[{"start":{"line":45,"column":4},"end":{"line":47,"column":5}},{"start":{"line":45,"column":4},"end":{"line":47,"column":5}}],"line":45},"9":{"loc":{"start":{"line":48,"column":4},"end":{"line":50,"column":5}},"type":"if","locations":[{"start":{"line":48,"column":4},"end":{"line":50,"column":5}},{"start":{"line":48,"column":4},"end":{"line":50,"column":5}}],"line":48},"10":{"loc":{"start":{"line":55,"column":4},"end":{"line":57,"column":5}},"type":"if","locations":[{"start":{"line":55,"column":4},"end":{"line":57,"column":5}},{"start":{"line":55,"column":4},"end":{"line":57,"column":5}}],"line":55},"11":{"loc":{"start":{"line":55,"column":8},"end":{"line":55,"column":58}},"type":"binary-expr","locations":[{"start":{"line":55,"column":8},"end":{"line":55,"column":25}},{"start":{"line":55,"column":29},"end":{"line":55,"column":58}}],"line":55},"12":{"loc":{"start":{"line":58,"column":4},"end":{"line":60,"column":5}},"type":"if","locations":[{"start":{"line":58,"column":4},"end":{"line":60,"column":5}},{"start":{"line":58,"column":4},"end":{"line":60,"column":5}}],"line":58},"13":{"loc":{"start":{"line":65,"column":4},"end":{"line":67,"column":5}},"type":"if","locations":[{"start":{"line":65,"column":4},"end":{"line":67,"column":5}},{"start":{"line":65,"column":4},"end":{"line":67,"column":5}}],"line":65},"14":{"loc":{"start":{"line":65,"column":8},"end":{"line":65,"column":45}},"type":"binary-expr","locations":[{"start":{"line":65,"column":8},"end":{"line":65,"column":21}},{"start":{"line":65,"column":25},"end":{"line":65,"column":45}}],"line":65},"15":{"loc":{"start":{"line":71,"column":11},"end":{"line":71,"column":98}},"type":"binary-expr","locations":[{"start":{"line":71,"column":11},"end":{"line":71,"column":65}},{"start":{"line":71,"column":69},"end":{"line":71,"column":98}}],"line":71}},"s":{"0":4,"1":8,"2":6,"3":2,"4":4,"5":10,"6":0,"7":10,"8":2,"9":8,"10":4,"11":4,"12":0,"13":4,"14":0,"15":4,"16":8,"17":4,"18":6,"19":2,"20":4,"21":2,"22":2,"23":4,"24":6,"25":2,"26":4,"27":2,"28":2,"29":4,"30":2,"31":0,"32":2,"33":2,"34":2,"35":2},"f":{"0":8,"1":10,"2":4,"3":8,"4":6,"5":6,"6":2},"b":{"0":[6,2],"1":[8,6,4,4],"2":[0,10],"3":[10,10],"4":[2,8],"5":[10,8,6,6,2,2,2],"6":[0,4],"7":[0,4],"8":[2,4],"9":[2,2],"10":[2,4],"11":[6,4],"12":[2,2],"13":[0,2],"14":[2,2],"15":[2,2]},"_coverageSchema":"1a1c01bbd47fc00a2c39e90264f33305004495a9","hash":"9a27c04e912960a834d4d341b9f8b1bbc07b0d8d"},"C:\\Users\\hans.kristian.olsen\\source\\repos\\Sepes\\sepes-web\\sepes-web\\src\\components\\common\\helpers\\studyHelpers.tsx":{"path":"C:\\Users\\hans.kristian.olsen\\source\\repos\\Sepes\\sepes-web\\sepes-web\\src\\components\\common\\helpers\\studyHelpers.tsx","statementMap":{"0":{"start":{"line":4,"column":38},"end":{"line":13,"column":1}},"1":{"start":{"line":5,"column":17},"end":{"line":5,"column":21}},"2":{"start":{"line":6,"column":4},"end":{"line":8,"column":5}},"3":{"start":{"line":7,"column":8},"end":{"line":7,"column":23}},"4":{"start":{"line":9,"column":4},"end":{"line":11,"column":5}},"5":{"start":{"line":10,"column":8},"end":{"line":10,"column":23}},"6":{"start":{"line":12,"column":4},"end":{"line":12,"column":18}},"7":{"start":{"line":15,"column":30},"end":{"line":37,"column":1}},"8":{"start":{"line":16,"column":4},"end":{"line":18,"column":5}},"9":{"start":{"line":17,"column":8},"end":{"line":17,"column":21}},"10":{"start":{"line":19,"column":4},"end":{"line":21,"column":5}},"11":{"start":{"line":20,"column":8},"end":{"line":20,"column":18}},"12":{"start":{"line":22,"column":30},"end":{"line":22,"column":32}},"13":{"start":{"line":23,"column":4},"end":{"line":27,"column":6}},"14":{"start":{"line":25,"column":12},"end":{"line":26,"column":74}},"15":{"start":{"line":28,"column":27},"end":{"line":28,"column":37}},"16":{"start":{"line":29,"column":4},"end":{"line":35,"column":7}},"17":{"start":{"line":30,"column":8},"end":{"line":34,"column":9}},"18":{"start":{"line":30,"column":21},"end":{"line":30,"column":22}},"19":{"start":{"line":31,"column":12},"end":{"line":33,"column":13}},"20":{"start":{"line":32,"column":16},"end":{"line":32,"column":64}},"21":{"start":{"line":36,"column":4},"end":{"line":36,"column":21}}},"fnMap":{"0":{"name":"(anonymous_0)","decl":{"start":{"line":4,"column":38},"end":{"line":4,"column":39}},"loc":{"start":{"line":4,"column":68},"end":{"line":13,"column":1}},"line":4},"1":{"name":"(anonymous_1)","decl":{"start":{"line":15,"column":30},"end":{"line":15,"column":31}},"loc":{"start":{"line":15,"column":112},"end":{"line":37,"column":1}},"line":15},"2":{"name":"(anonymous_2)","decl":{"start":{"line":24,"column":8},"end":{"line":24,"column":9}},"loc":{"start":{"line":25,"column":12},"end":{"line":26,"column":74}},"line":25},"3":{"name":"(anonymous_3)","decl":{"start":{"line":29,"column":18},"end":{"line":29,"column":19}},"loc":{"start":{"line":29,"column":44},"end":{"line":35,"column":5}},"line":29}},"branchMap":{"0":{"loc":{"start":{"line":6,"column":4},"end":{"line":8,"column":5}},"type":"if","locations":[{"start":{"line":6,"column":4},"end":{"line":8,"column":5}},{"start":{"line":6,"column":4},"end":{"line":8,"column":5}}],"line":6},"1":{"loc":{"start":{"line":9,"column":4},"end":{"line":11,"column":5}},"type":"if","locations":[{"start":{"line":9,"column":4},"end":{"line":11,"column":5}},{"start":{"line":9,"column":4},"end":{"line":11,"column":5}}],"line":9},"2":{"loc":{"start":{"line":9,"column":8},"end":{"line":9,"column":101}},"type":"binary-expr","locations":[{"start":{"line":9,"column":8},"end":{"line":9,"column":25}},{"start":{"line":9,"column":29},"end":{"line":9,"column":48}},{"start":{"line":9,"column":52},"end":{"line":9,"column":71}},{"start":{"line":9,"column":75},"end":{"line":9,"column":101}}],"line":9},"3":{"loc":{"start":{"line":16,"column":4},"end":{"line":18,"column":5}},"type":"if","locations":[{"start":{"line":16,"column":4},"end":{"line":18,"column":5}},{"start":{"line":16,"column":4},"end":{"line":18,"column":5}}],"line":16},"4":{"loc":{"start":{"line":19,"column":4},"end":{"line":21,"column":5}},"type":"if","locations":[{"start":{"line":19,"column":4},"end":{"line":21,"column":5}},{"start":{"line":19,"column":4},"end":{"line":21,"column":5}}],"line":19},"5":{"loc":{"start":{"line":19,"column":8},"end":{"line":19,"column":48}},"type":"binary-expr","locations":[{"start":{"line":19,"column":8},"end":{"line":19,"column":26}},{"start":{"line":19,"column":30},"end":{"line":19,"column":48}}],"line":19},"6":{"loc":{"start":{"line":25,"column":12},"end":{"line":26,"column":74}},"type":"binary-expr","locations":[{"start":{"line":25,"column":12},"end":{"line":25,"column":66}},{"start":{"line":26,"column":12},"end":{"line":26,"column":74}}],"line":25},"7":{"loc":{"start":{"line":31,"column":12},"end":{"line":33,"column":13}},"type":"if","locations":[{"start":{"line":31,"column":12},"end":{"line":33,"column":13}},{"start":{"line":31,"column":12},"end":{"line":33,"column":13}}],"line":31}},"s":{"0":5,"1":18,"2":18,"3":6,"4":18,"5":10,"6":18,"7":5,"8":6,"9":0,"10":6,"11":0,"12":6,"13":6,"14":12,"15":6,"16":6,"17":24,"18":24,"19":48,"20":10,"21":6},"f":{"0":18,"1":6,"2":12,"3":24},"b":{"0":[6,12],"1":[10,8],"2":[18,14,14,9],"3":[0,6],"4":[0,6],"5":[6,6],"6":[12,0],"7":[10,38]},"_coverageSchema":"1a1c01bbd47fc00a2c39e90264f33305004495a9","hash":"a9fe7e16aa21d13d75111f34b7a332b53c658a34"},"C:\\Users\\hans.kristian.olsen\\source\\repos\\Sepes\\sepes-web\\sepes-web\\src\\components\\common\\hooks\\useWindowDimensions.tsx":{"path":"C:\\Users\\hans.kristian.olsen\\source\\repos\\Sepes\\sepes-web\\sepes-web\\src\\components\\common\\hooks\\useWindowDimensions.tsx","statementMap":{"0":{"start":{"line":4,"column":55},"end":{"line":4,"column":61}},"1":{"start":{"line":5,"column":4},"end":{"line":8,"column":6}},"2":{"start":{"line":12,"column":52},"end":{"line":12,"column":83}},"3":{"start":{"line":14,"column":4},"end":{"line":21,"column":11}},"4":{"start":{"line":16,"column":12},"end":{"line":16,"column":55}},"5":{"start":{"line":19,"column":8},"end":{"line":19,"column":56}},"6":{"start":{"line":20,"column":8},"end":{"line":20,"column":72}},"7":{"start":{"line":20,"column":21},"end":{"line":20,"column":71}},"8":{"start":{"line":23,"column":4},"end":{"line":23,"column":28}}},"fnMap":{"0":{"name":"getWindowDimensions","decl":{"start":{"line":3,"column":9},"end":{"line":3,"column":28}},"loc":{"start":{"line":3,"column":31},"end":{"line":9,"column":1}},"line":3},"1":{"name":"useWindowDimensions","decl":{"start":{"line":11,"column":24},"end":{"line":11,"column":43}},"loc":{"start":{"line":11,"column":46},"end":{"line":24,"column":1}},"line":11},"2":{"name":"(anonymous_2)","decl":{"start":{"line":14,"column":14},"end":{"line":14,"column":15}},"loc":{"start":{"line":14,"column":20},"end":{"line":21,"column":5}},"line":14},"3":{"name":"handleResize","decl":{"start":{"line":15,"column":17},"end":{"line":15,"column":29}},"loc":{"start":{"line":15,"column":32},"end":{"line":17,"column":9}},"line":15},"4":{"name":"(anonymous_4)","decl":{"start":{"line":20,"column":15},"end":{"line":20,"column":16}},"loc":{"start":{"line":20,"column":21},"end":{"line":20,"column":71}},"line":20}},"branchMap":{},"s":{"0":7,"1":7,"2":7,"3":7,"4":0,"5":3,"6":3,"7":3,"8":7},"f":{"0":7,"1":7,"2":3,"3":0,"4":3},"b":{},"_coverageSchema":"1a1c01bbd47fc00a2c39e90264f33305004495a9","hash":"51eadeda5dffa8dee70b676583dc9d030760d6c6"},"C:\\Users\\hans.kristian.olsen\\source\\repos\\Sepes\\sepes-web\\sepes-web\\src\\components\\common\\staticValues\\Roles.ts":{"path":"C:\\Users\\hans.kristian.olsen\\source\\repos\\Sepes\\sepes-web\\sepes-web\\src\\components\\common\\staticValues\\Roles.ts","statementMap":{"0":{"start":{"line":1,"column":26},"end":{"line":1,"column":39}}},"fnMap":{},"branchMap":{},"s":{"0":5},"f":{},"b":{},"_coverageSchema":"1a1c01bbd47fc00a2c39e90264f33305004495a9","hash":"f2cdfe6abc577d183ba9f4a558c7ead061ac1cc2"},"C:\\Users\\hans.kristian.olsen\\source\\repos\\Sepes\\sepes-web\\sepes-web\\src\\components\\studyDetails\\Tables\\DatasetsTable.tsx":{"path":"C:\\Users\\hans.kristian.olsen\\source\\repos\\Sepes\\sepes-web\\sepes-web\\src\\components\\studyDetails\\Tables\\DatasetsTable.tsx","statementMap":{"0":{"start":{"line":8,"column":34},"end":{"line":8,"column":39}},"1":{"start":{"line":10,"column":22},"end":{"line":89,"column":1}},"2":{"start":{"line":11,"column":35},"end":{"line":11,"column":40}},"3":{"start":{"line":12,"column":54},"end":{"line":12,"column":78}},"4":{"start":{"line":13,"column":20},"end":{"line":13,"column":32}},"5":{"start":{"line":14,"column":23},"end":{"line":26,"column":5}},"6":{"start":{"line":16,"column":8},"end":{"line":18,"column":9}},"7":{"start":{"line":17,"column":12},"end":{"line":17,"column":113}},"8":{"start":{"line":19,"column":8},"end":{"line":25,"column":10}},"9":{"start":{"line":22,"column":57},"end":{"line":22,"column":81}},"10":{"start":{"line":27,"column":4},"end":{"line":29,"column":11}},"11":{"start":{"line":28,"column":8},"end":{"line":28,"column":49}},"12":{"start":{"line":28,"column":21},"end":{"line":28,"column":48}},"13":{"start":{"line":31,"column":32},"end":{"line":35,"column":5}},"14":{"start":{"line":32,"column":8},"end":{"line":34,"column":9}},"15":{"start":{"line":33,"column":12},"end":{"line":33,"column":78}},"16":{"start":{"line":37,"column":4},"end":{"line":88,"column":6}},"17":{"start":{"line":52,"column":28},"end":{"line":76,"column":34}},"18":{"start":{"line":52,"column":61},"end":{"line":52,"column":85}},"19":{"start":{"line":59,"column":48},"end":{"line":71,"column":50}},"20":{"start":{"line":64,"column":75},"end":{"line":64,"column":101}},"21":{"start":{"line":65,"column":76},"end":{"line":65,"column":103}}},"fnMap":{"0":{"name":"(anonymous_0)","decl":{"start":{"line":10,"column":22},"end":{"line":10,"column":23}},"loc":{"start":{"line":10,"column":38},"end":{"line":89,"column":1}},"line":10},"1":{"name":"(anonymous_1)","decl":{"start":{"line":14,"column":23},"end":{"line":14,"column":24}},"loc":{"start":{"line":14,"column":75},"end":{"line":26,"column":5}},"line":14},"2":{"name":"(anonymous_2)","decl":{"start":{"line":17,"column":81},"end":{"line":17,"column":82}},"loc":{"start":{"line":17,"column":87},"end":{"line":17,"column":89}},"line":17},"3":{"name":"(anonymous_3)","decl":{"start":{"line":22,"column":51},"end":{"line":22,"column":52}},"loc":{"start":{"line":22,"column":57},"end":{"line":22,"column":81}},"line":22},"4":{"name":"(anonymous_4)","decl":{"start":{"line":27,"column":14},"end":{"line":27,"column":15}},"loc":{"start":{"line":27,"column":20},"end":{"line":29,"column":5}},"line":27},"5":{"name":"(anonymous_5)","decl":{"start":{"line":28,"column":15},"end":{"line":28,"column":16}},"loc":{"start":{"line":28,"column":21},"end":{"line":28,"column":48}},"line":28},"6":{"name":"(anonymous_6)","decl":{"start":{"line":31,"column":32},"end":{"line":31,"column":33}},"loc":{"start":{"line":31,"column":46},"end":{"line":35,"column":5}},"line":31},"7":{"name":"(anonymous_7)","decl":{"start":{"line":51,"column":37},"end":{"line":51,"column":38}},"loc":{"start":{"line":52,"column":28},"end":{"line":76,"column":34}},"line":52},"8":{"name":"(anonymous_8)","decl":{"start":{"line":52,"column":55},"end":{"line":52,"column":56}},"loc":{"start":{"line":52,"column":61},"end":{"line":52,"column":85}},"line":52},"9":{"name":"(anonymous_9)","decl":{"start":{"line":58,"column":62},"end":{"line":58,"column":63}},"loc":{"start":{"line":58,"column":95},"end":{"line":72,"column":45}},"line":58},"10":{"name":"(anonymous_10)","decl":{"start":{"line":64,"column":69},"end":{"line":64,"column":70}},"loc":{"start":{"line":64,"column":75},"end":{"line":64,"column":101}},"line":64},"11":{"name":"(anonymous_11)","decl":{"start":{"line":65,"column":70},"end":{"line":65,"column":71}},"loc":{"start":{"line":65,"column":76},"end":{"line":65,"column":103}},"line":65}},"branchMap":{"0":{"loc":{"start":{"line":16,"column":8},"end":{"line":18,"column":9}},"type":"if","locations":[{"start":{"line":16,"column":8},"end":{"line":18,"column":9}},{"start":{"line":16,"column":8},"end":{"line":18,"column":9}}],"line":16},"1":{"loc":{"start":{"line":17,"column":26},"end":{"line":17,"column":104}},"type":"cond-expr","locations":[{"start":{"line":17,"column":44},"end":{"line":17,"column":96}},{"start":{"line":17,"column":99},"end":{"line":17,"column":104}}],"line":17},"2":{"loc":{"start":{"line":21,"column":17},"end":{"line":23,"column":27}},"type":"cond-expr","locations":[{"start":{"line":22,"column":22},"end":{"line":22,"column":88}},{"start":{"line":23,"column":22},"end":{"line":23,"column":27}}],"line":21},"3":{"loc":{"start":{"line":21,"column":17},"end":{"line":21,"column":62}},"type":"binary-expr","locations":[{"start":{"line":21,"column":17},"end":{"line":21,"column":25}},{"start":{"line":21,"column":29},"end":{"line":21,"column":44}},{"start":{"line":21,"column":48},"end":{"line":21,"column":62}}],"line":21},"4":{"loc":{"start":{"line":32,"column":8},"end":{"line":34,"column":9}},"type":"if","locations":[{"start":{"line":32,"column":8},"end":{"line":34,"column":9}},{"start":{"line":32,"column":8},"end":{"line":34,"column":9}}],"line":32},"5":{"loc":{"start":{"line":32,"column":12},"end":{"line":32,"column":45}},"type":"binary-expr","locations":[{"start":{"line":32,"column":12},"end":{"line":32,"column":23}},{"start":{"line":32,"column":27},"end":{"line":32,"column":45}}],"line":32},"6":{"loc":{"start":{"line":43,"column":25},"end":{"line":43,"column":71}},"type":"binary-expr","locations":[{"start":{"line":43,"column":25},"end":{"line":43,"column":33}},{"start":{"line":43,"column":37},"end":{"line":43,"column":71}}],"line":43},"7":{"loc":{"start":{"line":50,"column":21},"end":{"line":84,"column":21}},"type":"cond-expr","locations":[{"start":{"line":51,"column":24},"end":{"line":77,"column":26}},{"start":{"line":79,"column":24},"end":{"line":83,"column":30}}],"line":50},"8":{"loc":{"start":{"line":50,"column":21},"end":{"line":50,"column":52}},"type":"binary-expr","locations":[{"start":{"line":50,"column":21},"end":{"line":50,"column":29}},{"start":{"line":50,"column":33},"end":{"line":50,"column":52}}],"line":50},"9":{"loc":{"start":{"line":54,"column":33},"end":{"line":74,"column":33}},"type":"binary-expr","locations":[{"start":{"line":54,"column":33},"end":{"line":54,"column":41}},{"start":{"line":55,"column":36},"end":{"line":73,"column":43}}],"line":54},"10":{"loc":{"start":{"line":56,"column":41},"end":{"line":72,"column":46}},"type":"binary-expr","locations":[{"start":{"line":56,"column":41},"end":{"line":56,"column":54}},{"start":{"line":57,"column":44},"end":{"line":57,"column":68}},{"start":{"line":58,"column":44},"end":{"line":72,"column":46}}],"line":56},"11":{"loc":{"start":{"line":67,"column":57},"end":{"line":69,"column":97}},"type":"cond-expr","locations":[{"start":{"line":68,"column":62},"end":{"line":68,"column":85}},{"start":{"line":69,"column":62},"end":{"line":69,"column":97}}],"line":67},"12":{"loc":{"start":{"line":68,"column":62},"end":{"line":68,"column":85}},"type":"binary-expr","locations":[{"start":{"line":68,"column":62},"end":{"line":68,"column":69}},{"start":{"line":68,"column":73},"end":{"line":68,"column":85}}],"line":68},"13":{"loc":{"start":{"line":69,"column":62},"end":{"line":69,"column":97}},"type":"binary-expr","locations":[{"start":{"line":69,"column":62},"end":{"line":69,"column":74}},{"start":{"line":69,"column":78},"end":{"line":69,"column":97}}],"line":69},"14":{"loc":{"start":{"line":81,"column":29},"end":{"line":81,"column":49}},"type":"binary-expr","locations":[{"start":{"line":81,"column":29},"end":{"line":81,"column":37}},{"start":{"line":81,"column":41},"end":{"line":81,"column":49}}],"line":81}},"s":{"0":6,"1":6,"2":9,"3":9,"4":9,"5":9,"6":22,"7":0,"8":22,"9":0,"10":9,"11":5,"12":5,"13":9,"14":0,"15":0,"16":9,"17":11,"18":0,"19":0,"20":0,"21":0},"f":{"0":9,"1":22,"2":0,"3":0,"4":5,"5":5,"6":0,"7":11,"8":0,"9":0,"10":0,"11":0},"b":{"0":[0,22],"1":[0,0],"2":[1,21],"3":[22,12,6],"4":[0,0],"5":[0,0],"6":[9,4],"7":[9,0],"8":[9,9],"9":[11,6],"10":[6,0,0],"11":[0,0],"12":[0,0],"13":[0,0],"14":[0,0]},"_coverageSchema":"1a1c01bbd47fc00a2c39e90264f33305004495a9","hash":"254576abd3ff6085e1b3033f117faff1dfb189c5"},"C:\\Users\\hans.kristian.olsen\\source\\repos\\Sepes\\sepes-web\\sepes-web\\src\\components\\studyDetails\\Tables\\ParticipantTable.tsx":{"path":"C:\\Users\\hans.kristian.olsen\\source\\repos\\Sepes\\sepes-web\\sepes-web\\src\\components\\studyDetails\\Tables\\ParticipantTable.tsx","statementMap":{"0":{"start":{"line":10,"column":34},"end":{"line":10,"column":39}},"1":{"start":{"line":11,"column":14},"end":{"line":13,"column":1}},"2":{"start":{"line":14,"column":0},"end":{"line":14,"column":16}},"3":{"start":{"line":23,"column":52},"end":{"line":70,"column":1}},"4":{"start":{"line":24,"column":22},"end":{"line":24,"column":43}},"5":{"start":{"line":25,"column":4},"end":{"line":69,"column":6}},"6":{"start":{"line":44,"column":28},"end":{"line":64,"column":34}},"7":{"start":{"line":53,"column":63},"end":{"line":53,"column":93}}},"fnMap":{"0":{"name":"(anonymous_0)","decl":{"start":{"line":23,"column":52},"end":{"line":23,"column":53}},"loc":{"start":{"line":23,"column":116},"end":{"line":70,"column":1}},"line":23},"1":{"name":"(anonymous_1)","decl":{"start":{"line":43,"column":41},"end":{"line":43,"column":42}},"loc":{"start":{"line":44,"column":28},"end":{"line":64,"column":34}},"line":44},"2":{"name":"(anonymous_2)","decl":{"start":{"line":53,"column":57},"end":{"line":53,"column":58}},"loc":{"start":{"line":53,"column":63},"end":{"line":53,"column":93}},"line":53}},"branchMap":{"0":{"loc":{"start":{"line":31,"column":25},"end":{"line":31,"column":83}},"type":"binary-expr","locations":[{"start":{"line":31,"column":25},"end":{"line":31,"column":33}},{"start":{"line":31,"column":37},"end":{"line":31,"column":48}},{"start":{"line":31,"column":52},"end":{"line":31,"column":83}}],"line":31},"1":{"loc":{"start":{"line":33,"column":25},"end":{"line":37,"column":25}},"type":"binary-expr","locations":[{"start":{"line":33,"column":25},"end":{"line":33,"column":33}},{"start":{"line":34,"column":28},"end":{"line":36,"column":35}}],"line":33},"2":{"loc":{"start":{"line":41,"column":21},"end":{"line":65,"column":26}},"type":"binary-expr","locations":[{"start":{"line":41,"column":21},"end":{"line":41,"column":33}},{"start":{"line":42,"column":24},"end":{"line":42,"column":47}},{"start":{"line":43,"column":24},"end":{"line":65,"column":26}}],"line":41},"3":{"loc":{"start":{"line":46,"column":33},"end":{"line":46,"column":113}},"type":"binary-expr","locations":[{"start":{"line":46,"column":33},"end":{"line":46,"column":41}},{"start":{"line":46,"column":45},"end":{"line":46,"column":56}},{"start":{"line":46,"column":60},"end":{"line":46,"column":113}}],"line":46},"4":{"loc":{"start":{"line":48,"column":33},"end":{"line":63,"column":33}},"type":"cond-expr","locations":[{"start":{"line":49,"column":36},"end":{"line":60,"column":43}},{"start":{"line":62,"column":36},"end":{"line":62,"column":65}}],"line":48},"5":{"loc":{"start":{"line":48,"column":33},"end":{"line":48,"column":76}},"type":"binary-expr","locations":[{"start":{"line":48,"column":33},"end":{"line":48,"column":41}},{"start":{"line":48,"column":45},"end":{"line":48,"column":76}}],"line":48},"6":{"loc":{"start":{"line":50,"column":41},"end":{"line":59,"column":41}},"type":"binary-expr","locations":[{"start":{"line":50,"column":41},"end":{"line":50,"column":74}},{"start":{"line":51,"column":44},"end":{"line":58,"column":53}}],"line":50},"7":{"loc":{"start":{"line":62,"column":36},"end":{"line":62,"column":65}},"type":"binary-expr","locations":[{"start":{"line":62,"column":36},"end":{"line":62,"column":44}},{"start":{"line":62,"column":48},"end":{"line":62,"column":65}}],"line":62}},"s":{"0":5,"1":5,"2":5,"3":5,"4":7,"5":7,"6":9,"7":0},"f":{"0":7,"1":9,"2":0},"b":{"0":[7,2,2],"1":[7,2],"2":[7,7,7],"3":[9,4,4],"4":[4,5],"5":[9,4],"6":[4,0],"7":[5,0]},"_coverageSchema":"1a1c01bbd47fc00a2c39e90264f33305004495a9","hash":"6bb3a2a2323824eb56a9f6fb77eaf3391b5f1d0c"},"C:\\Users\\hans.kristian.olsen\\source\\repos\\Sepes\\sepes-web\\sepes-web\\src\\styles\\Table.scss":{"path":"C:\\Users\\hans.kristian.olsen\\source\\repos\\Sepes\\sepes-web\\sepes-web\\src\\styles\\Table.scss","statementMap":{"0":{"start":{"line":1,"column":0},"end":{"line":1,"column":19}}},"fnMap":{},"branchMap":{},"s":{"0":2},"f":{},"b":{},"_coverageSchema":"1a1c01bbd47fc00a2c39e90264f33305004495a9","hash":"97becf6844340a37cfa129e581921a1aeae86af7"},"C:\\Users\\hans.kristian.olsen\\source\\repos\\Sepes\\sepes-web\\sepes-web\\src\\App.tsx":{"path":"C:\\Users\\hans.kristian.olsen\\source\\repos\\Sepes\\sepes-web\\sepes-web\\src\\App.tsx","statementMap":{"0":{"start":{"line":20,"column":27},"end":{"line":20,"column":67}},"1":{"start":{"line":22,"column":12},"end":{"line":54,"column":1}},"2":{"start":{"line":23,"column":42},"end":{"line":23,"column":52}},"3":{"start":{"line":24,"column":24},"end":{"line":28,"column":6}},"4":{"start":{"line":29,"column":4},"end":{"line":29,"column":34}},"5":{"start":{"line":31,"column":4},"end":{"line":53,"column":6}}},"fnMap":{"0":{"name":"(anonymous_0)","decl":{"start":{"line":22,"column":12},"end":{"line":22,"column":13}},"loc":{"start":{"line":22,"column":18},"end":{"line":54,"column":1}},"line":22}},"branchMap":{},"s":{"0":2,"1":2,"2":0,"3":0,"4":0,"5":0},"f":{"0":0},"b":{},"_coverageSchema":"1a1c01bbd47fc00a2c39e90264f33305004495a9","hash":"90682046753c6318a6e3eb7c8bf1dce492e5734e"},"C:\\Users\\hans.kristian.olsen\\source\\repos\\Sepes\\sepes-web\\sepes-web\\src\\index.tsx":{"path":"C:\\Users\\hans.kristian.olsen\\source\\repos\\Sepes\\sepes-web\\sepes-web\\src\\index.tsx","statementMap":{"0":{"start":{"line":15,"column":26},"end":{"line":15,"column":56}},"1":{"start":{"line":16,"column":27},"end":{"line":26,"column":2}},"2":{"start":{"line":28,"column":18},"end":{"line":48,"column":1}},"3":{"start":{"line":29,"column":4},"end":{"line":29,"column":70}},"4":{"start":{"line":30,"column":4},"end":{"line":47,"column":7}},"5":{"start":{"line":31,"column":8},"end":{"line":33,"column":9}},"6":{"start":{"line":32,"column":12},"end":{"line":32,"column":86}},"7":{"start":{"line":34,"column":8},"end":{"line":45,"column":9}},"8":{"start":{"line":35,"column":12},"end":{"line":44,"column":14}},"9":{"start":{"line":46,"column":8},"end":{"line":46,"column":75}},"10":{"start":{"line":50,"column":16},"end":{"line":50,"column":47}},"11":{"start":{"line":52,"column":0},"end":{"line":66,"column":1}},"12":{"start":{"line":53,"column":21},"end":{"line":58,"column":5}},"13":{"start":{"line":59,"column":4},"end":{"line":59,"column":24}},"14":{"start":{"line":61,"column":4},"end":{"line":61,"column":27}},"15":{"start":{"line":63,"column":4},"end":{"line":65,"column":5}},"16":{"start":{"line":64,"column":8},"end":{"line":64,"column":29}},"17":{"start":{"line":71,"column":0},"end":{"line":71,"column":27}}},"fnMap":{"0":{"name":"(anonymous_0)","decl":{"start":{"line":28,"column":18},"end":{"line":28,"column":19}},"loc":{"start":{"line":28,"column":34},"end":{"line":48,"column":1}},"line":28},"1":{"name":"(anonymous_1)","decl":{"start":{"line":30,"column":32},"end":{"line":30,"column":33}},"loc":{"start":{"line":30,"column":49},"end":{"line":47,"column":5}},"line":30}},"branchMap":{"0":{"loc":{"start":{"line":31,"column":8},"end":{"line":33,"column":9}},"type":"if","locations":[{"start":{"line":31,"column":8},"end":{"line":33,"column":9}},{"start":{"line":31,"column":8},"end":{"line":33,"column":9}}],"line":31},"1":{"loc":{"start":{"line":31,"column":12},"end":{"line":31,"column":36}},"type":"binary-expr","locations":[{"start":{"line":31,"column":12},"end":{"line":31,"column":18}},{"start":{"line":31,"column":22},"end":{"line":31,"column":36}}],"line":31},"2":{"loc":{"start":{"line":34,"column":8},"end":{"line":45,"column":9}},"type":"if","locations":[{"start":{"line":34,"column":8},"end":{"line":45,"column":9}},{"start":{"line":34,"column":8},"end":{"line":45,"column":9}}],"line":34},"3":{"loc":{"start":{"line":34,"column":12},"end":{"line":34,"column":48}},"type":"binary-expr","locations":[{"start":{"line":34,"column":12},"end":{"line":34,"column":18}},{"start":{"line":34,"column":22},"end":{"line":34,"column":48}}],"line":34},"4":{"loc":{"start":{"line":52,"column":0},"end":{"line":66,"column":1}},"type":"if","locations":[{"start":{"line":52,"column":0},"end":{"line":66,"column":1}},{"start":{"line":52,"column":0},"end":{"line":66,"column":1}}],"line":52},"5":{"loc":{"start":{"line":52,"column":4},"end":{"line":52,"column":29}},"type":"binary-expr","locations":[{"start":{"line":52,"column":4},"end":{"line":52,"column":11}},{"start":{"line":52,"column":15},"end":{"line":52,"column":29}}],"line":52},"6":{"loc":{"start":{"line":63,"column":4},"end":{"line":65,"column":5}},"type":"if","locations":[{"start":{"line":63,"column":4},"end":{"line":65,"column":5}},{"start":{"line":63,"column":4},"end":{"line":65,"column":5}}],"line":63}},"s":{"0":2,"1":2,"2":2,"3":0,"4":0,"5":0,"6":0,"7":0,"8":0,"9":0,"10":2,"11":2,"12":0,"13":0,"14":2,"15":2,"16":0,"17":2},"f":{"0":0,"1":0},"b":{"0":[0,0],"1":[0,0],"2":[0,0],"3":[0,0],"4":[0,2],"5":[2,0],"6":[0,2]},"_coverageSchema":"1a1c01bbd47fc00a2c39e90264f33305004495a9","hash":"b64c30c2130b27d22399f8d77dd7f4f750a17705"},"C:\\Users\\hans.kristian.olsen\\source\\repos\\Sepes\\sepes-web\\sepes-web\\src\\serviceWorker.ts":{"path":"C:\\Users\\hans.kristian.olsen\\source\\repos\\Sepes\\sepes-web\\sepes-web\\src\\serviceWorker.ts","statementMap":{"0":{"start":{"line":14,"column":20},"end":{"line":20,"column":1}},"1":{"start":{"line":28,"column":4},"end":{"line":58,"column":5}},"2":{"start":{"line":30,"column":26},"end":{"line":30,"column":79}},"3":{"start":{"line":31,"column":8},"end":{"line":36,"column":9}},"4":{"start":{"line":35,"column":12},"end":{"line":35,"column":19}},"5":{"start":{"line":38,"column":8},"end":{"line":57,"column":11}},"6":{"start":{"line":39,"column":26},"end":{"line":39,"column":71}},"7":{"start":{"line":41,"column":12},"end":{"line":56,"column":13}},"8":{"start":{"line":43,"column":16},"end":{"line":43,"column":55}},"9":{"start":{"line":47,"column":16},"end":{"line":52,"column":19}},"10":{"start":{"line":48,"column":20},"end":{"line":51,"column":22}},"11":{"start":{"line":55,"column":16},"end":{"line":55,"column":47}},"12":{"start":{"line":62,"column":4},"end":{"line":102,"column":11}},"13":{"start":{"line":65,"column":12},"end":{"line":98,"column":14}},"14":{"start":{"line":66,"column":41},"end":{"line":66,"column":64}},"15":{"start":{"line":67,"column":16},"end":{"line":69,"column":17}},"16":{"start":{"line":68,"column":20},"end":{"line":68,"column":27}},"17":{"start":{"line":70,"column":16},"end":{"line":97,"column":18}},"18":{"start":{"line":71,"column":20},"end":{"line":96,"column":21}},"19":{"start":{"line":72,"column":24},"end":{"line":95,"column":25}},"20":{"start":{"line":76,"column":28},"end":{"line":79,"column":30}},"21":{"start":{"line":82,"column":28},"end":{"line":84,"column":29}},"22":{"start":{"line":83,"column":32},"end":{"line":83,"column":62}},"23":{"start":{"line":89,"column":28},"end":{"line":89,"column":78}},"24":{"start":{"line":92,"column":28},"end":{"line":94,"column":29}},"25":{"start":{"line":93,"column":32},"end":{"line":93,"column":63}},"26":{"start":{"line":101,"column":12},"end":{"line":101,"column":78}},"27":{"start":{"line":107,"column":4},"end":{"line":127,"column":11}},"28":{"start":{"line":112,"column":32},"end":{"line":112,"column":68}},"29":{"start":{"line":113,"column":12},"end":{"line":123,"column":13}},"30":{"start":{"line":115,"column":16},"end":{"line":119,"column":19}},"31":{"start":{"line":116,"column":20},"end":{"line":118,"column":23}},"32":{"start":{"line":117,"column":24},"end":{"line":117,"column":49}},"33":{"start":{"line":122,"column":16},"end":{"line":122,"column":47}},"34":{"start":{"line":126,"column":12},"end":{"line":126,"column":89}},"35":{"start":{"line":131,"column":4},"end":{"line":139,"column":5}},"36":{"start":{"line":132,"column":8},"end":{"line":138,"column":15}},"37":{"start":{"line":134,"column":16},"end":{"line":134,"column":42}},"38":{"start":{"line":137,"column":16},"end":{"line":137,"column":45}}},"fnMap":{"0":{"name":"register","decl":{"start":{"line":27,"column":16},"end":{"line":27,"column":24}},"loc":{"start":{"line":27,"column":42},"end":{"line":59,"column":1}},"line":27},"1":{"name":"(anonymous_1)","decl":{"start":{"line":38,"column":40},"end":{"line":38,"column":41}},"loc":{"start":{"line":38,"column":46},"end":{"line":57,"column":9}},"line":38},"2":{"name":"(anonymous_2)","decl":{"start":{"line":47,"column":51},"end":{"line":47,"column":52}},"loc":{"start":{"line":47,"column":57},"end":{"line":52,"column":17}},"line":47},"3":{"name":"registerValidSW","decl":{"start":{"line":61,"column":9},"end":{"line":61,"column":24}},"loc":{"start":{"line":61,"column":57},"end":{"line":103,"column":1}},"line":61},"4":{"name":"(anonymous_4)","decl":{"start":{"line":64,"column":14},"end":{"line":64,"column":15}},"loc":{"start":{"line":64,"column":32},"end":{"line":99,"column":9}},"line":64},"5":{"name":"(anonymous_5)","decl":{"start":{"line":65,"column":41},"end":{"line":65,"column":42}},"loc":{"start":{"line":65,"column":47},"end":{"line":98,"column":13}},"line":65},"6":{"name":"(anonymous_6)","decl":{"start":{"line":70,"column":49},"end":{"line":70,"column":50}},"loc":{"start":{"line":70,"column":55},"end":{"line":97,"column":17}},"line":70},"7":{"name":"(anonymous_7)","decl":{"start":{"line":100,"column":15},"end":{"line":100,"column":16}},"loc":{"start":{"line":100,"column":26},"end":{"line":102,"column":9}},"line":100},"8":{"name":"checkValidServiceWorker","decl":{"start":{"line":105,"column":9},"end":{"line":105,"column":32}},"loc":{"start":{"line":105,"column":65},"end":{"line":128,"column":1}},"line":105},"9":{"name":"(anonymous_9)","decl":{"start":{"line":110,"column":14},"end":{"line":110,"column":15}},"loc":{"start":{"line":110,"column":28},"end":{"line":124,"column":9}},"line":110},"10":{"name":"(anonymous_10)","decl":{"start":{"line":115,"column":51},"end":{"line":115,"column":52}},"loc":{"start":{"line":115,"column":69},"end":{"line":119,"column":17}},"line":115},"11":{"name":"(anonymous_11)","decl":{"start":{"line":116,"column":51},"end":{"line":116,"column":52}},"loc":{"start":{"line":116,"column":57},"end":{"line":118,"column":21}},"line":116},"12":{"name":"(anonymous_12)","decl":{"start":{"line":125,"column":15},"end":{"line":125,"column":16}},"loc":{"start":{"line":125,"column":21},"end":{"line":127,"column":9}},"line":125},"13":{"name":"unregister","decl":{"start":{"line":130,"column":16},"end":{"line":130,"column":26}},"loc":{"start":{"line":130,"column":29},"end":{"line":140,"column":1}},"line":130},"14":{"name":"(anonymous_14)","decl":{"start":{"line":133,"column":18},"end":{"line":133,"column":19}},"loc":{"start":{"line":133,"column":36},"end":{"line":135,"column":13}},"line":133},"15":{"name":"(anonymous_15)","decl":{"start":{"line":136,"column":19},"end":{"line":136,"column":20}},"loc":{"start":{"line":136,"column":30},"end":{"line":138,"column":13}},"line":136}},"branchMap":{"0":{"loc":{"start":{"line":15,"column":4},"end":{"line":19,"column":96}},"type":"binary-expr","locations":[{"start":{"line":15,"column":4},"end":{"line":15,"column":44}},{"start":{"line":17,"column":8},"end":{"line":17,"column":44}},{"start":{"line":19,"column":8},"end":{"line":19,"column":96}}],"line":15},"1":{"loc":{"start":{"line":28,"column":4},"end":{"line":58,"column":5}},"type":"if","locations":[{"start":{"line":28,"column":4},"end":{"line":58,"column":5}},{"start":{"line":28,"column":4},"end":{"line":58,"column":5}}],"line":28},"2":{"loc":{"start":{"line":28,"column":8},"end":{"line":28,"column":77}},"type":"binary-expr","locations":[{"start":{"line":28,"column":8},"end":{"line":28,"column":45}},{"start":{"line":28,"column":49},"end":{"line":28,"column":77}}],"line":28},"3":{"loc":{"start":{"line":31,"column":8},"end":{"line":36,"column":9}},"type":"if","locations":[{"start":{"line":31,"column":8},"end":{"line":36,"column":9}},{"start":{"line":31,"column":8},"end":{"line":36,"column":9}}],"line":31},"4":{"loc":{"start":{"line":41,"column":12},"end":{"line":56,"column":13}},"type":"if","locations":[{"start":{"line":41,"column":12},"end":{"line":56,"column":13}},{"start":{"line":41,"column":12},"end":{"line":56,"column":13}}],"line":41},"5":{"loc":{"start":{"line":67,"column":16},"end":{"line":69,"column":17}},"type":"if","locations":[{"start":{"line":67,"column":16},"end":{"line":69,"column":17}},{"start":{"line":67,"column":16},"end":{"line":69,"column":17}}],"line":67},"6":{"loc":{"start":{"line":71,"column":20},"end":{"line":96,"column":21}},"type":"if","locations":[{"start":{"line":71,"column":20},"end":{"line":96,"column":21}},{"start":{"line":71,"column":20},"end":{"line":96,"column":21}}],"line":71},"7":{"loc":{"start":{"line":72,"column":24},"end":{"line":95,"column":25}},"type":"if","locations":[{"start":{"line":72,"column":24},"end":{"line":95,"column":25}},{"start":{"line":72,"column":24},"end":{"line":95,"column":25}}],"line":72},"8":{"loc":{"start":{"line":82,"column":28},"end":{"line":84,"column":29}},"type":"if","locations":[{"start":{"line":82,"column":28},"end":{"line":84,"column":29}},{"start":{"line":82,"column":28},"end":{"line":84,"column":29}}],"line":82},"9":{"loc":{"start":{"line":82,"column":32},"end":{"line":82,"column":57}},"type":"binary-expr","locations":[{"start":{"line":82,"column":32},"end":{"line":82,"column":38}},{"start":{"line":82,"column":42},"end":{"line":82,"column":57}}],"line":82},"10":{"loc":{"start":{"line":92,"column":28},"end":{"line":94,"column":29}},"type":"if","locations":[{"start":{"line":92,"column":28},"end":{"line":94,"column":29}},{"start":{"line":92,"column":28},"end":{"line":94,"column":29}}],"line":92},"11":{"loc":{"start":{"line":92,"column":32},"end":{"line":92,"column":58}},"type":"binary-expr","locations":[{"start":{"line":92,"column":32},"end":{"line":92,"column":38}},{"start":{"line":92,"column":42},"end":{"line":92,"column":58}}],"line":92},"12":{"loc":{"start":{"line":113,"column":12},"end":{"line":123,"column":13}},"type":"if","locations":[{"start":{"line":113,"column":12},"end":{"line":123,"column":13}},{"start":{"line":113,"column":12},"end":{"line":123,"column":13}}],"line":113},"13":{"loc":{"start":{"line":113,"column":16},"end":{"line":113,"column":108}},"type":"binary-expr","locations":[{"start":{"line":113,"column":16},"end":{"line":113,"column":39}},{"start":{"line":113,"column":44},"end":{"line":113,"column":63}},{"start":{"line":113,"column":67},"end":{"line":113,"column":107}}],"line":113},"14":{"loc":{"start":{"line":131,"column":4},"end":{"line":139,"column":5}},"type":"if","locations":[{"start":{"line":131,"column":4},"end":{"line":139,"column":5}},{"start":{"line":131,"column":4},"end":{"line":139,"column":5}}],"line":131}},"s":{"0":2,"1":0,"2":0,"3":0,"4":0,"5":0,"6":0,"7":0,"8":0,"9":0,"10":0,"11":0,"12":0,"13":0,"14":0,"15":0,"16":0,"17":0,"18":0,"19":0,"20":0,"21":0,"22":0,"23":0,"24":0,"25":0,"26":0,"27":0,"28":0,"29":0,"30":0,"31":0,"32":0,"33":0,"34":0,"35":2,"36":0,"37":0,"38":0},"f":{"0":0,"1":0,"2":0,"3":0,"4":0,"5":0,"6":0,"7":0,"8":0,"9":0,"10":0,"11":0,"12":0,"13":2,"14":0,"15":0},"b":{"0":[2,0,0],"1":[0,0],"2":[0,0],"3":[0,0],"4":[0,0],"5":[0,0],"6":[0,0],"7":[0,0],"8":[0,0],"9":[0,0],"10":[0,0],"11":[0,0],"12":[0,0],"13":[0,0,0],"14":[0,2]},"_coverageSchema":"1a1c01bbd47fc00a2c39e90264f33305004495a9","hash":"fe9e027eec71ff13a072ebed5030fe9aca6ecdb3"},"C:\\Users\\hans.kristian.olsen\\source\\repos\\Sepes\\sepes-web\\sepes-web\\src\\auth\\AuthConfig.tsx":{"path":"C:\\Users\\hans.kristian.olsen\\source\\repos\\Sepes\\sepes-web\\sepes-web\\src\\auth\\AuthConfig.tsx","statementMap":{"0":{"start":{"line":4,"column":25},"end":{"line":14,"column":2}}},"fnMap":{},"branchMap":{},"s":{"0":6},"f":{},"b":{},"_coverageSchema":"1a1c01bbd47fc00a2c39e90264f33305004495a9","hash":"8b4bbf7c628bca73d0938c4f2b8719004bc54105"},"C:\\Users\\hans.kristian.olsen\\source\\repos\\Sepes\\sepes-web\\sepes-web\\src\\auth\\AuthFunctions.ts":{"path":"C:\\Users\\hans.kristian.olsen\\source\\repos\\Sepes\\sepes-web\\sepes-web\\src\\auth\\AuthFunctions.ts","statementMap":{"0":{"start":{"line":8,"column":14},"end":{"line":8,"column":98}},"1":{"start":{"line":10,"column":16},"end":{"line":10,"column":35}},"2":{"start":{"line":12,"column":36},"end":{"line":42,"column":1}},"3":{"start":{"line":13,"column":21},"end":{"line":13,"column":47}},"4":{"start":{"line":15,"column":4},"end":{"line":41,"column":5}},"5":{"start":{"line":16,"column":25},"end":{"line":20,"column":9}},"6":{"start":{"line":21,"column":8},"end":{"line":34,"column":9}},"7":{"start":{"line":22,"column":12},"end":{"line":28,"column":15}},"8":{"start":{"line":23,"column":16},"end":{"line":23,"column":81}},"9":{"start":{"line":25,"column":16},"end":{"line":27,"column":17}},"10":{"start":{"line":26,"column":20},"end":{"line":26,"column":87}},"11":{"start":{"line":30,"column":12},"end":{"line":30,"column":60}},"12":{"start":{"line":31,"column":12},"end":{"line":33,"column":13}},"13":{"start":{"line":32,"column":16},"end":{"line":32,"column":74}},"14":{"start":{"line":36,"column":8},"end":{"line":40,"column":9}},"15":{"start":{"line":37,"column":12},"end":{"line":37,"column":58}},"16":{"start":{"line":39,"column":12},"end":{"line":39,"column":32}},"17":{"start":{"line":44,"column":0},"end":{"line":60,"column":7}},"18":{"start":{"line":47,"column":8},"end":{"line":56,"column":9}},"19":{"start":{"line":48,"column":12},"end":{"line":48,"column":77}},"20":{"start":{"line":52,"column":12},"end":{"line":54,"column":13}},"21":{"start":{"line":53,"column":16},"end":{"line":53,"column":83}},"22":{"start":{"line":55,"column":12},"end":{"line":55,"column":37}},"23":{"start":{"line":59,"column":8},"end":{"line":59,"column":28}},"24":{"start":{"line":62,"column":20},"end":{"line":90,"column":1}},"25":{"start":{"line":63,"column":20},"end":{"line":63,"column":33}},"26":{"start":{"line":67,"column":20},"end":{"line":67,"column":51}},"27":{"start":{"line":68,"column":50},"end":{"line":68,"column":87}},"28":{"start":{"line":70,"column":4},"end":{"line":76,"column":5}},"29":{"start":{"line":71,"column":8},"end":{"line":71,"column":35}},"30":{"start":{"line":72,"column":11},"end":{"line":76,"column":5}},"31":{"start":{"line":73,"column":8},"end":{"line":73,"column":50}},"32":{"start":{"line":75,"column":8},"end":{"line":75,"column":32}},"33":{"start":{"line":78,"column":19},"end":{"line":78,"column":47}},"34":{"start":{"line":79,"column":4},"end":{"line":79,"column":44}},"35":{"start":{"line":81,"column":4},"end":{"line":83,"column":5}},"36":{"start":{"line":82,"column":8},"end":{"line":82,"column":59}},"37":{"start":{"line":85,"column":4},"end":{"line":87,"column":5}},"38":{"start":{"line":86,"column":8},"end":{"line":86,"column":53}},"39":{"start":{"line":89,"column":4},"end":{"line":89,"column":19}},"40":{"start":{"line":92,"column":27},"end":{"line":129,"column":1}},"41":{"start":{"line":93,"column":4},"end":{"line":128,"column":7}},"42":{"start":{"line":94,"column":42},"end":{"line":107,"column":9}},"43":{"start":{"line":95,"column":12},"end":{"line":102,"column":13}},"44":{"start":{"line":96,"column":28},"end":{"line":96,"column":69}},"45":{"start":{"line":97,"column":16},"end":{"line":101,"column":17}},"46":{"start":{"line":98,"column":20},"end":{"line":98,"colu
[...]
"column":39}},"loc":{"start":{"line":219,"column":62},"end":{"line":221,"column":1}},"line":219},"49":{"name":"(anonymous_49)","decl":{"start":{"line":225,"column":31},"end":{"line":225,"column":32}},"loc":{"start":{"line":225,"column":43},"end":{"line":227,"column":1}},"line":225},"50":{"name":"(anonymous_50)","decl":{"start":{"line":229,"column":29},"end":{"line":229,"column":30}},"loc":{"start":{"line":229,"column":41},"end":{"line":231,"column":1}},"line":229},"51":{"name":"(anonymous_51)","decl":{"start":{"line":235,"column":30},"end":{"line":235,"column":31}},"loc":{"start":{"line":235,"column":42},"end":{"line":237,"column":1}},"line":235},"52":{"name":"(anonymous_52)","decl":{"start":{"line":241,"column":31},"end":{"line":241,"column":32}},"loc":{"start":{"line":241,"column":58},"end":{"line":243,"column":1}},"line":241}},"branchMap":{},"s":{"0":6,"1":0,"2":6,"3":0,"4":0,"5":6,"6":0,"7":6,"8":0,"9":6,"10":0,"11":6,"12":0,"13":6,"14":0,"15":6,"16":0,"17":6,"18":0,"19":6,"20":0,"21":6,"22":1,"23":6,"24":0,"25":6,"26":0,"27":6,"28":0,"29":6,"30":0,"31":6,"32":0,"33":6,"34":0,"35":6,"36":0,"37":6,"38":0,"39":6,"40":0,"41":6,"42":0,"43":6,"44":0,"45":6,"46":0,"47":6,"48":0,"49":6,"50":0,"51":6,"52":0,"53":6,"54":0,"55":6,"56":0,"57":6,"58":0,"59":6,"60":2,"61":6,"62":0,"63":6,"64":0,"65":6,"66":0,"67":6,"68":0,"69":6,"70":0,"71":6,"72":0,"73":6,"74":0,"75":6,"76":0,"77":6,"78":0,"79":6,"80":0,"81":6,"82":0,"83":6,"84":0,"85":6,"86":0,"87":6,"88":0,"89":6,"90":0,"91":6,"92":0,"93":6,"94":0,"95":6,"96":0,"97":6,"98":0,"99":6,"100":0,"101":6,"102":0,"103":6,"104":0,"105":6,"106":0},"f":{"0":0,"1":0,"2":0,"3":0,"4":0,"5":0,"6":0,"7":0,"8":0,"9":0,"10":1,"11":0,"12":0,"13":0,"14":0,"15":0,"16":0,"17":0,"18":0,"19":0,"20":0,"21":0,"22":0,"23":0,"24":0,"25":0,"26":0,"27":0,"28":0,"29":2,"30":0,"31":0,"32":0,"33":0,"34":0,"35":0,"36":0,"37":0,"38":0,"39":0,"40":0,"41":0,"42":0,"43":0,"44":0,"45":0,"46":0,"47":0,"48":0,"49":0,"50":0,"51":0,"52":0},"b":{},"_coverageSchema":"1a1c01bbd47fc00a2c39e90264f33305004495a9","hash":"34f6b69ef181703bfb440b6dd23d9c6b5b83fb29"},"C:\\Users\\hans.kristian.olsen\\source\\repos\\Sepes\\sepes-web\\sepes-web\\src\\services\\ApiCallStrings.ts":{"path":"C:\\Users\\hans.kristian.olsen\\source\\repos\\Sepes\\sepes-web\\sepes-web\\src\\services\\ApiCallStrings.ts","statementMap":{"0":{"start":{"line":2,"column":29},"end":{"line":4,"column":1}},"1":{"start":{"line":3,"column":4},"end":{"line":3,"column":21}},"2":{"start":{"line":5,"column":31},"end":{"line":7,"column":1}},"3":{"start":{"line":6,"column":4},"end":{"line":6,"column":32}},"4":{"start":{"line":9,"column":41},"end":{"line":11,"column":1}},"5":{"start":{"line":10,"column":4},"end":{"line":10,"column":57}},"6":{"start":{"line":14,"column":30},"end":{"line":16,"column":1}},"7":{"start":{"line":15,"column":4},"end":{"line":15,"column":22}},"8":{"start":{"line":17,"column":37},"end":{"line":19,"column":1}},"9":{"start":{"line":18,"column":4},"end":{"line":18,"column":35}},"10":{"start":{"line":20,"column":42},"end":{"line":22,"column":1}},"11":{"start":{"line":21,"column":4},"end":{"line":21,"column":59}},"12":{"start":{"line":24,"column":42},"end":{"line":26,"column":1}},"13":{"start":{"line":25,"column":4},"end":{"line":25,"column":46}},"14":{"start":{"line":28,"column":35},"end":{"line":30,"column":1}},"15":{"start":{"line":29,"column":4},"end":{"line":29,"column":46}},"16":{"start":{"line":32,"column":37},"end":{"line":34,"column":1}},"17":{"start":{"line":33,"column":4},"end":{"line":33,"column":46}},"18":{"start":{"line":38,"column":33},"end":{"line":40,"column":1}},"19":{"start":{"line":39,"column":4},"end":{"line":39,"column":36}},"20":{"start":{"line":42,"column":35},"end":{"line":44,"column":1}},"21":{"start":{"line":43,"column":4},"end":{"line":43,"column":53}},"22":{"start":{"line":46,"column":39},"end":{"line":48,"column":1}},"23":{"start":{"line":47,"column":4},"end":{"line":47,"column":48}},"24":{"start":{"line":50,"column":39},"end":{"line":52,"column":1}},"25":{"start":{"line":51,"column":4},"end":{"line":51,"column":57}},"26":{"start":{"line":56,"column":29},"end":{"line":58,"column":1}},"27":{"start":{"line":57,"column":4},"end":{"line":57,"column":28}}},"fnMap":{"0":{"name":"(anonymous_0)","decl":{"start":{"line":2,"column":29},"end":{"line":2,"column":30}},"loc":{"start":{"line":2,"column":43},"end":{"line":4,"column":1}},"line":2},"1":{"name":"(anonymous_1)","decl":{"start":{"line":5,"column":31},"end":{"line":5,"column":32}},"loc":{"start":{"line":5,"column":52},"end":{"line":7,"column":1}},"line":5},"2":{"name":"(anonymous_2)","decl":{"start":{"line":9,"column":41},"end":{"line":9,"column":42}},"loc":{"start":{"line":9,"column":62},"end":{"line":11,"column":1}},"line":9},"3":{"name":"(anonymous_3)","decl":{"start":{"line":14,"column":30},"end":{"line":14,"column":31}},"loc":{"start":{"line":14,"column":44},"end":{"line":16,"column":1}},"line":14},"4":{"name":"(anonymous_4)","decl":{"start":{"line":17,"column":37},"end":{"line":17,"column":38}},"loc":{"start":{"line":17,"column":60},"end":{"line":19,"column":1}},"line":17},"5":{"name":"(anonymous_5)","decl":{"start":{"line":20,"column":42},"end":{"line":20,"column":43}},"loc":{"start":{"line":20,"column":82},"end":{"line":22,"column":1}},"line":20},"6":{"name":"(anonymous_6)","decl":{"start":{"line":24,"column":42},"end":{"line":24,"column":43}},"loc":{"start":{"line":24,"column":65},"end":{"line":26,"column":1}},"line":24},"7":{"name":"(anonymous_7)","decl":{"start":{"line":28,"column":35},"end":{"line":28,"column":36}},"loc":{"start":{"line":28,"column":58},"end":{"line":30,"column":1}},"line":28},"8":{"name":"(anonymous_8)","decl":{"start":{"line":32,"column":37},"end":{"line":32,"column":38}},"loc":{"start":{"line":32,"column":66},"end":{"line":34,"column":1}},"line":32},"9":{"name":"(anonymous_9)","decl":{"start":{"line":38,"column":33},"end":{"line":38,"column":34}},"loc":{"start":{"line":38,"column":64},"end":{"line":40,"column":1}},"line":38},"10":{"name":"(anonymous_10)","decl":{"start":{"line":42,"column":35},"end":{"line":42,"column":36}},"loc":{"start":{"line":42,"column":66},"end":{"line":44,"column":1}},"line":42},"11":{"name":"(anonymous_11)","decl":{"start":{"line":46,"column":39},"end":{"line":46,"column":40}},"loc":{"start":{"line":46,"column":70},"end":{"line":48,"column":1}},"line":46},"12":{"name":"(anonymous_12)","decl":{"start":{"line":50,"column":39},"end":{"line":50,"column":40}},"loc":{"start":{"line":50,"column":70},"end":{"line":52,"column":1}},"line":50},"13":{"name":"(anonymous_13)","decl":{"start":{"line":56,"column":29},"end":{"line":56,"column":30}},"loc":{"start":{"line":56,"column":43},"end":{"line":58,"column":1}},"line":56}},"branchMap":{},"s":{"0":6,"1":0,"2":6,"3":0,"4":6,"5":2,"6":6,"7":0,"8":6,"9":0,"10":6,"11":0,"12":6,"13":0,"14":6,"15":0,"16":6,"17":0,"18":6,"19":0,"20":6,"21":0,"22":6,"23":0,"24":6,"25":0,"26":6,"27":6},"f":{"0":0,"1":0,"2":2,"3":0,"4":0,"5":0,"6":0,"7":0,"8":0,"9":0,"10":0,"11":0,"12":0,"13":6},"b":{},"_coverageSchema":"1a1c01bbd47fc00a2c39e90264f33305004495a9","hash":"69dcc08c78a1b3600652fe7c7748a472b1e43853"},"C:\\Users\\hans.kristian.olsen\\source\\repos\\Sepes\\sepes-web\\sepes-web\\src\\services\\BlobStorage.ts":{"path":"C:\\Users\\hans.kristian.olsen\\source\\repos\\Sepes\\sepes-web\\sepes-web\\src\\services\\BlobStorage.ts","statementMap":{"0":{"start":{"line":5,"column":30},"end":{"line":5,"column":60}},"1":{"start":{"line":88,"column":34},"end":{"line":136,"column":1}},"2":{"start":{"line":100,"column":29},"end":{"line":100,"column":74}},"3":{"start":{"line":101,"column":4},"end":{"line":103,"column":5}},"4":{"start":{"line":102,"column":8},"end":{"line":102,"column":88}},"5":{"start":{"line":104,"column":4},"end":{"line":135,"column":5}},"6":{"start":{"line":105,"column":26},"end":{"line":105,"column":44}},"7":{"start":{"line":106,"column":8},"end":{"line":117,"column":9}},"8":{"start":{"line":107,"column":32},"end":{"line":107,"column":36}},"9":{"start":{"line":108,"column":12},"end":{"line":108,"column":52}},"10":{"start":{"line":109,"column":12},"end":{"line":109,"column":61}},"11":{"start":{"line":110,"column":12},"end":{"line":110,"column":35}},"12":{"start":{"line":111,"column":12},"end":{"line":111,"column":44}},"13":{"start":{"line":112,"column":15},"end":{"line":117,"column":9}},"14":{"start":{"line":113,"column":12},"end":{"line":113,"column":74}},"15":{"start":{"line":114,"column":12},"end":{"line":114,"column":65}},"16":{"start":{"line":115,"column":12},"end":{"line":115,"column":83}},"17":{"start":{"line":116,"column":12},"end":{"line":116,"column":74}},"18":{"start":{"line":118,"column":8},"end":{"line":122,"column":9}},"19":{"start":{"line":119,"column":12},"end":{"line":119,"column":27}},"20":{"start":{"line":121,"column":12},"end":{"line":121,"column":34}},"21":{"start":{"line":124,"column":28},"end":{"line":128,"column":9}},"22":{"start":{"line":130,"column":8},"end":{"line":134,"column":9}},"23":{"start":{"line":131,"column":12},"end":{"line":131,"column":41}},"24":{"start":{"line":132,"column":15},"end":{"line":134,"column":9}},"25":{"start":{"line":133,"column":12},"end":{"line":133,"column":58}},"26":{"start":{"line":137,"column":26},"end":{"line":208,"column":1}},"27":{"start":{"line":149,"column":30},"end":{"line":149,"column":60}},"28":{"start":{"line":150,"column":28},"end":{"line":150,"column":73}},"29":{"start":{"line":151,"column":45},"end":{"line":151,"column":89}},"30":{"start":{"line":153,"column":4},"end":{"line":207,"column":5}},"31":{"start":{"line":154,"column":22},"end":{"line":154,"column":79}},"32":{"start":{"line":154,"column":55},"end":{"line":154,"column":78}},"33":{"start":{"line":156,"column":8},"end":{"line":169,"column":9}},"34":{"start":{"line":157,"column":12},"end":{"line":168,"column":14}},"35":{"start":{"line":171,"column":8},"end":{"line":197,"column":15}},"36":{"start":{"line":174,"column":44},"end":{"line":174,"column":96}},"37":{"start":{"line":175,"column":20},"end":{"line":179,"column":21}},"38":{"start":{"line":176,"column":24},"end":{"line":176,"column":46}},"39":{"start":{"line":177,"column":27},"end":{"line":179,"column":21}},"40":{"start":{"line":178,"column":24},"end":{"line":178,"column":48}},"41":{"start":{"line":180,"column":20},"end":{"line":191,"column":22}},"42":{"start":{"line":199,"column":8},"end":{"line":199,"column":29}},"43":{"start":{"line":200,"column":8},"end":{"line":206,"column":9}},"44":{"start":{"line":202,"column":12},"end":{"line":202,"column":61}},"45":{"start":{"line":205,"column":12},"end":{"line":205,"column":49}},"46":{"start":{"line":210,"column":26},"end":{"line":232,"column":1}},"47":{"start":{"line":211,"column":30},"end":{"line":211,"column":60}},"48":{"start":{"line":212,"column":28},"end":{"line":212,"column":73}},"49":{"start":{"line":214,"column":45},"end":{"line":216,"column":5}},"50":{"start":{"line":218,"column":4},"end":{"line":231,"column":5}},"51":{"start":{"line":219,"column":8},"end":{"line":221,"column":11}},"52":{"start":{"line":220,"column":12},"end":{"line":220,"column":50}},"53":{"start":{"line":223,"column":8},"end":{"line":223,"column":29}},"54":{"start":{"line":224,"column":8},"end":{"line":230,"column":9}},"55":{"start":{"line":226,"column":12},"end":{"line":226,"column":61}},"56":{"start":{"line":229,"column":12},"end":{"line":229,"column":49}}},"fnMap":{"0":{"name":"(anonymous_0)","decl":{"start":{"line":88,"column":34},"end":{"line":88,"column":35}},"loc":{"start":{"line":99,"column":5},"end":{"line":136,"column":1}},"line":99},"1":{"name":"(anonymous_1)","decl":{"start":{"line":137,"column":26},"end":{"line":137,"column":27}},"loc":{"start":{"line":148,"column":5},"end":{"line":208,"column":1}},"line":148},"2":{"name":"(anonymous_2)","decl":{"start":{"line":154,"column":43},"end":{"line":154,"column":44}},"loc":{"start":{"line":154,"column":55},"end":{"line":154,"column":78}},"line":154},"3":{"name":"(anonymous_3)","decl":{"start":{"line":173,"column":28},"end":{"line":173,"column":29}},"loc":{"start":{"line":173,"column":65},"end":{"line":192,"column":17}},"line":173},"4":{"name":"(anonymous_4)","decl":{"start":{"line":195,"column":19},"end":{"line":195,"column":20}},"loc":{"start":{"line":195,"column":25},"end":{"line":197,"column":13}},"line":195},"5":{"name":"(anonymous_5)","decl":{"start":{"line":210,"column":26},"end":{"line":210,"column":27}},"loc":{"start":{"line":210,"column":71},"end":{"line":232,"column":1}},"line":210},"6":{"name":"(anonymous_6)","decl":{"start":{"line":219,"column":39},"end":{"line":219,"column":40}},"loc":{"start":{"line":219,"column":45},"end":{"line":221,"column":9}},"line":219}},"branchMap":{"0":{"loc":{"start":{"line":101,"column":4},"end":{"line":103,"column":5}},"type":"if","locations":[{"start":{"line":101,"column":4},"end":{"line":103,"column":5}},{"start":{"line":101,"column":4},"end":{"line":103,"column":5}}],"line":101},"1":{"loc":{"start":{"line":104,"column":4},"end":{"line":135,"column":5}},"type":"if","locations":[{"start":{"line":104,"column":4},"end":{"line":135,"column":5}},{"start":{"line":104,"column":4},"end":{"line":135,"column":5}}],"line":104},"2":{"loc":{"start":{"line":106,"column":8},"end":{"line":117,"column":9}},"type":"if","locations":[{"start":{"line":106,"column":8},"end":{"line":117,"column":9}},{"start":{"line":106,"column":8},"end":{"line":117,"column":9}}],"line":106},"3":{"loc":{"start":{"line":112,"column":15},"end":{"line":117,"column":9}},"type":"if","locations":[{"start":{"line":112,"column":15},"end":{"line":117,"column":9}},{"start":{"line":112,"column":15},"end":{"line":117,"column":9}}],"line":112},"4":{"loc":{"start":{"line":112,"column":19},"end":{"line":112,"column":51}},"type":"binary-expr","locations":[{"start":{"line":112,"column":19},"end":{"line":112,"column":43}},{"start":{"line":112,"column":47},"end":{"line":112,"column":51}}],"line":112},"5":{"loc":{"start":{"line":118,"column":8},"end":{"line":122,"column":9}},"type":"if","locations":[{"start":{"line":118,"column":8},"end":{"line":122,"column":9}},{"start":{"line":118,"column":8},"end":{"line":122,"column":9}}],"line":118},"6":{"loc":{"start":{"line":130,"column":8},"end":{"line":134,"column":9}},"type":"if","locations":[{"start":{"line":130,"column":8},"end":{"line":134,"column":9}},{"start":{"line":130,"column":8},"end":{"line":134,"column":9}}],"line":130},"7":{"loc":{"start":{"line":132,"column":15},"end":{"line":134,"column":9}},"type":"if","locations":[{"start":{"line":132,"column":15},"end":{"line":134,"column":9}},{"start":{"line":132,"column":15},"end":{"line":134,"column":9}}],"line":132},"8":{"loc":{"start":{"line":156,"column":8},"end":{"line":169,"column":9}},"type":"if","locations":[{"start":{"line":156,"column":8},"end":{"line":169,"column":9}},{"start":{"line":156,"column":8},"end":{"line":169,"column":9}}],"line":156},"9":{"loc":{"start":{"line":175,"column":20},"end":{"line":179,"column":21}},"type":"if","locations":[{"start":{"line":175,"column":20},"end":{"line":179,"column":21}},{"start":{"line":175,"column":20},"end":{"line":179,"column":21}}],"line":175},"10":{"loc":{"start":{"line":177,"column":27},"end":{"line":179,"column":21}},"type":"if","locations":[{"start":{"line":177,"column":27},"end":{"line":179,"column":21}},{"start":{"line":177,"column":27},"end":{"line":179,"column":21}}],"line":177},"11":{"loc":{"start":{"line":193,"column":29},"end":{"line":193,"column":85}},"type":"binary-expr","locations":[{"start":{"line":193,"column":29},"end":{"line":193,"column":46}},{"start":{"line":193,"column":50},"end":{"line":193,"column":85}}],"line":193},"12":{"loc":{"start":{"line":200,"column":8},"end":{"line":206,"column":9}},"type":"if","locations":[{"start":{"line":200,"column":8},"end":{"line":206,"column":9}},{"start":{"line":200,"column":8},"end":{"line":206,"column":9}}],"line":200},"13":{"loc":{"start":{"line":224,"column":8},"end":{"line":230,"column":9}},"type":"if","locations":[{"start":{"line":224,"column":8},"end":{"line":230,"column":9}},{"start":{"line":224,"column":8},"end":{"line":230,"column":9}}],"line":224}},"s":{"0":2,"1":2,"2":0,"3":0,"4":0,"5":0,"6":0,"7":0,"8":0,"9":0,"10":0,"11":0,"12":0,"13":0,"14":0,"15":0,"16":0,"17":0,"18":0,"19":0,"20":0,"21":0,"22":0,"23":0,"24":0,"25":0,"26":2,"27":0,"28":0,"29":0,"30":0,"31":0,"32":0,"33":0,"34":0,"35":0,"36":0,"37":0,"38":0,"39":0,"40":0,"41":0,"42":0,"43":0,"44":0,"45":0,"46":2,"47":0,"48":0,"49":0,"50":0,"51":0,"52":0,"53":0,"54":0,"55":0,"56":0},"f":{"0":0,"1":0,"2":0,"3":0,"4":0,"5":0,"6":0},"b":{"0":[0,0],"1":[0,0],"2":[0,0],"3":[0,0],"4":[0,0],"5":[0,0],"6":[0,0],"7":[0,0],"8":[0,0],"9":[0,0],"10":[0,0],"11":[0,0],"12":[0,0],"13":[0,0]},"_coverageSchema":"1a1c01bbd47fc00a2c39e90264f33305004495a9","hash":"4936c60ba5b4f0ba9d0232638bcc7af9f24d7c12"},"C:\\Users\\hans.kristian.olsen\\source\\repos\\Sepes\\sepes-web\\sepes-web\\src\\utils\\CommonUtil.ts":{"path":"C:\\Users\\hans.kristian.olsen\\source\\repos\\Sepes\\sepes-web\\sepes-web\\src\\utils\\CommonUtil.ts","statementMap":{"0":{"start":{"line":1,"column":26},"end":{"line":3,"column":1}},"1":{"start":{"line":2,"column":4},"end":{"line":2,"column":50}},"2":{"start":{"line":5,"column":28},"end":{"line":7,"column":1}},"3":{"start":{"line":6,"column":4},"end":{"line":6,"column":50}},"4":{"start":{"line":8,"column":28},"end":{"line":10,"column":1}},"5":{"start":{"line":9,"column":4},"end":{"line":9,"column":50}}},"fnMap":{"0":{"name":"(anonymous_0)","decl":{"start":{"line":1,"column":26},"end":{"line":1,"column":27}},"loc":{"start":{"line":1,"column":40},"end":{"line":3,"column":1}},"line":1},"1":{"name":"(anonymous_1)","decl":{"start":{"line":5,"column":28},"end":{"line":5,"column":29}},"loc":{"start":{"line":5,"column":42},"end":{"line":7,"column":1}},"line":5},"2":{"name":"(anonymous_2)","decl":{"start":{"line":8,"column":28},"end":{"line":8,"column":29}},"loc":{"start":{"line":8,"column":42},"end":{"line":10,"column":1}},"line":8}},"branchMap":{},"s":{"0":5,"1":14,"2":5,"3":6,"4":5,"5":0},"f":{"0":14,"1":6,"2":0},"b":{},"_coverageSchema":"1a1c01bbd47fc00a2c39e90264f33305004495a9","hash":"484cd5efa2b0868780877b1e7f8952e397144adc"},"C:\\Users\\hans.kristian.olsen\\source\\repos\\Sepes\\sepes-web\\sepes-web\\src\\utils\\DatasetUtil.ts":{"path":"C:\\Users\\hans.kristian.olsen\\source\\repos\\Sepes\\sepes-web\\sepes-web\\src\\utils\\DatasetUtil.ts","statementMap":{"0":{"start":{"line":1,"column":40},"end":{"line":6,"column":1}},"1":{"start":{"line":2,"column":4},"end":{"line":4,"column":5}},"2":{"start":{"line":3,"column":8},"end":{"line":3,"column":20}},"3":{"start":{"line":5,"column":4},"end":{"line":5,"column":17}},"4":{"start":{"line":8,"column":34},"end":{"line":13,"column":1}},"5":{"start":{"line":9,"column":4},"end":{"line":11,"column":5}},"6":{"start":{"line":10,"column":8},"end":{"line":10,"column":20}},"7":{"start":{"line":12,"column":4},"end":{"line":12,"column":17}}},"fnMap":{"0":{"name":"(anonymous_0)","decl":{"start":{"line":1,"column":40},"end":{"line":1,"column":41}},"loc":{"start":{"line":1,"column":55},"end":{"line":6,"column":1}},"line":1},"1":{"name":"(anonymous_1)","decl":{"start":{"line":8,"column":34},"end":{"line":8,"column":35}},"loc":{"start":{"line":8,"column":40},"end":{"line":13,"column":1}},"line":8}},"branchMap":{"0":{"loc":{"start":{"line":2,"column":4},"end":{"line":4,"column":5}},"type":"if","locations":[{"start":{"line":2,"column":4},"end":{"line":4,"column":5}},{"start":{"line":2,"column":4},"end":{"line":4,"column":5}}],"line":2},"1":{"loc":{"start":{"line":9,"column":4},"end":{"line":11,"column":5}},"type":"if","locations":[{"start":{"line":9,"column":4},"end":{"line":11,"column":5}},{"start":{"line":9,"column":4},"end":{"line":11,"column":5}}],"line":9}},"s":{"0":2,"1":26,"2":0,"3":26,"4":2,"5":0,"6":0,"7":0},"f":{"0":26,"1":0},"b":{"0":[0,26],"1":[0,0]},"_coverageSchema":"1a1c01bbd47fc00a2c39e90264f33305004495a9","hash":"265725054979f4fc3e8e8184b67058979d20f9de"}}