{"total": {"lines":{"total":2584,"covered":1537,"skipped":0,"pct":59.48},"statements":{"total":2635,"covered":1559,"skipped":0,"pct":59.17},"functions":{"total":698,"covered":359,"skipped":0,"pct":51.43},"branches":{"total":1643,"covered":857,"skipped":0,"pct":52.16}}
,"C:\\Users\\hans.kristian.olsen\\source\\repos\\Sepes\\sepes-web\\sepes-web\\src\\App.tsx": {"lines":{"total":6,"covered":6,"skipped":0,"pct":100},"functions":{"total":1,"covered":1,"skipped":0,"pct":100},"statements":{"total":6,"covered":6,"skipped":0,"pct":100},"branches":{"total":0,"covered":0,"skipped":0,"pct":100}}
,"C:\\Users\\hans.kristian.olsen\\source\\repos\\Sepes\\sepes-web\\sepes-web\\src\\index.tsx": {"lines":{"total":18,"covered":14,"skipped":0,"pct":77.78},"functions":{"total":2,"covered":2,"skipped":0,"pct":100},"statements":{"total":18,"covered":14,"skipped":0,"pct":77.78},"branches":{"total":15,"covered":11,"skipped":0,"pct":73.33}}
,"C:\\Users\\hans.kristian.olsen\\source\\repos\\Sepes\\sepes-web\\sepes-web\\src\\serviceWorker.ts": {"lines":{"total":39,"covered":3,"skipped":0,"pct":7.69},"functions":{"total":16,"covered":1,"skipped":0,"pct":6.25},"statements":{"total":39,"covered":3,"skipped":0,"pct":7.69},"branches":{"total":32,"covered":2,"skipped":0,"pct":6.25}}
,"C:\\Users\\hans.kristian.olsen\\source\\repos\\Sepes\\sepes-web\\sepes-web\\src\\auth\\AuthConfig.tsx": {"lines":{"total":1,"covered":1,"skipped":0,"pct":100},"functions":{"total":0,"covered":0,"skipped":0,"pct":100},"statements":{"total":1,"covered":1,"skipped":0,"pct":100},"branches":{"total":0,"covered":0,"skipped":0,"pct":100}}
,"C:\\Users\\hans.kristian.olsen\\source\\repos\\Sepes\\sepes-web\\sepes-web\\src\\auth\\AuthFunctions.ts": {"lines":{"total":96,"covered":55,"skipped":0,"pct":57.29},"functions":{"total":18,"covered":13,"skipped":0,"pct":72.22},"statements":{"total":96,"covered":55,"skipped":0,"pct":57.29},"branches":{"total":44,"covered":15,"skipped":0,"pct":34.09}}
,"C:\\Users\\hans.kristian.olsen\\source\\repos\\Sepes\\sepes-web\\sepes-web\\src\\components\\Layout.tsx": {"lines":{"total":2,"covered":2,"skipped":0,"pct":100},"functions":{"total":1,"covered":1,"skipped":0,"pct":100},"statements":{"total":2,"covered":2,"skipped":0,"pct":100},"branches":{"total":0,"covered":0,"skipped":0,"pct":100}}
,"C:\\Users\\hans.kristian.olsen\\source\\repos\\Sepes\\sepes-web\\sepes-web\\src\\components\\common\\ErrorBoundary.js": {"lines":{"total":14,"covered":6,"skipped":0,"pct":42.86},"functions":{"total":6,"covered":2,"skipped":0,"pct":33.33},"statements":{"total":14,"covered":6,"skipped":0,"pct":42.86},"branches":{"total":4,"covered":1,"skipped":0,"pct":25}}
,"C:\\Users\\hans.kristian.olsen\\source\\repos\\Sepes\\sepes-web\\sepes-web\\src\\components\\common\\LoadingComponent.tsx": {"lines":{"total":2,"covered":1,"skipped":0,"pct":50},"functions":{"total":1,"covered":0,"skipped":0,"pct":0},"statements":{"total":2,"covered":1,"skipped":0,"pct":50},"branches":{"total":0,"covered":0,"skipped":0,"pct":100}}
,"C:\\Users\\hans.kristian.olsen\\source\\repos\\Sepes\\sepes-web\\sepes-web\\src\\components\\common\\LoadingComponentFullscreen.tsx": {"lines":{"total":7,"covered":7,"skipped":0,"pct":100},"functions":{"total":4,"covered":4,"skipped":0,"pct":100},"statements":{"total":8,"covered":8,"skipped":0,"pct":100},"branches":{"total":3,"covered":3,"skipped":0,"pct":100}}
,"C:\\Users\\hans.kristian.olsen\\source\\repos\\Sepes\\sepes-web\\sepes-web\\src\\components\\common\\Promt.tsx": {"lines":{"total":28,"covered":14,"skipped":0,"pct":50},"functions":{"total":7,"covered":3,"skipped":0,"pct":42.86},"statements":{"total":28,"covered":14,"skipped":0,"pct":50},"branches":{"total":20,"covered":3,"skipped":0,"pct":15}}
,"C:\\Users\\hans.kristian.olsen\\source\\repos\\Sepes\\sepes-web\\sepes-web\\src\\components\\common\\StyledComponents.tsx": {"lines":{"total":28,"covered":19,"skipped":0,"pct":67.86},"functions":{"total":6,"covered":1,"skipped":0,"pct":16.67},"statements":{"total":28,"covered":19,"skipped":0,"pct":67.86},"branches":{"total":6,"covered":4,"skipped":0,"pct":66.67}}
,"C:\\Users\\hans.kristian.olsen\\source\\repos\\Sepes\\sepes-web\\sepes-web\\src\\components\\common\\notify.js": {"lines":{"total":23,"covered":9,"skipped":0,"pct":39.13},"functions":{"total":6,"covered":0,"skipped":0,"pct":0},"statements":{"total":23,"covered":9,"skipped":0,"pct":39.13},"branches":{"total":6,"covered":0,"skipped":0,"pct":0}}
,"C:\\Users\\hans.kristian.olsen\\source\\repos\\Sepes\\sepes-web\\sepes-web\\src\\components\\common\\customComponents\\AsyncSelect.tsx": {"lines":{"total":4,"covered":2,"skipped":0,"pct":50},"functions":{"total":3,"covered":0,"skipped":0,"pct":0},"statements":{"total":5,"covered":2,"skipped":0,"pct":40},"branches":{"total":2,"covered":0,"skipped":0,"pct":0}}
,"C:\\Users\\hans.kristian.olsen\\source\\repos\\Sepes\\sepes-web\\sepes-web\\src\\components\\common\\customComponents\\CustomLogoComponent.tsx": {"lines":{"total":6,"covered":6,"skipped":0,"pct":100},"functions":{"total":2,"covered":2,"skipped":0,"pct":100},"statements":{"total":6,"covered":6,"skipped":0,"pct":100},"branches":{"total":6,"covered":5,"skipped":0,"pct":83.33}}
,"C:\\Users\\hans.kristian.olsen\\source\\repos\\Sepes\\sepes-web\\sepes-web\\src\\components\\common\\customComponents\\DeleteResourceComponent.tsx": {"lines":{"total":15,"covered":13,"skipped":0,"pct":86.67},"functions":{"total":5,"covered":3,"skipped":0,"pct":60},"statements":{"total":15,"covered":13,"skipped":0,"pct":86.67},"branches":{"total":4,"covered":3,"skipped":0,"pct":75}}
,"C:\\Users\\hans.kristian.olsen\\source\\repos\\Sepes\\sepes-web\\sepes-web\\src\\components\\common\\customComponents\\Dropdown.tsx": {"lines":{"total":41,"covered":39,"skipped":0,"pct":95.12},"functions":{"total":17,"covered":17,"skipped":0,"pct":100},"statements":{"total":41,"covered":39,"skipped":0,"pct":95.12},"branches":{"total":39,"covered":34,"skipped":0,"pct":87.18}}
,"C:\\Users\\hans.kristian.olsen\\source\\repos\\Sepes\\sepes-web\\sepes-web\\src\\components\\common\\customComponents\\DropdownFilter.tsx": {"lines":{"total":31,"covered":4,"skipped":0,"pct":12.9},"functions":{"total":9,"covered":0,"skipped":0,"pct":0},"statements":{"total":32,"covered":4,"skipped":0,"pct":12.5},"branches":{"total":14,"covered":0,"skipped":0,"pct":0}}
,"C:\\Users\\hans.kristian.olsen\\source\\repos\\Sepes\\sepes-web\\sepes-web\\src\\components\\common\\customComponents\\SureToProceed.tsx": {"lines":{"total":6,"covered":2,"skipped":0,"pct":33.33},"functions":{"total":2,"covered":0,"skipped":0,"pct":0},"statements":{"total":6,"covered":2,"skipped":0,"pct":33.33},"branches":{"total":0,"covered":0,"skipped":0,"pct":100}}
,"C:\\Users\\hans.kristian.olsen\\source\\repos\\Sepes\\sepes-web\\sepes-web\\src\\components\\common\\customComponents\\useClickOutside.js": {"lines":{"total":8,"covered":8,"skipped":0,"pct":100},"functions":{"total":4,"covered":4,"skipped":0,"pct":100},"statements":{"total":8,"covered":8,"skipped":0,"pct":100},"branches":{"total":4,"covered":4,"skipped":0,"pct":100}}
,"C:\\Users\\hans.kristian.olsen\\source\\repos\\Sepes\\sepes-web\\sepes-web\\src\\components\\common\\customComponents\\infoDisplayComponents\\BreadcrumbTruncate.tsx": {"lines":{"total":4,"covered":4,"skipped":0,"pct":100},"functions":{"total":2,"covered":2,"skipped":0,"pct":100},"statements":{"total":4,"covered":4,"skipped":0,"pct":100},"branches":{"total":6,"covered":5,"skipped":0,"pct":83.33}}
,"C:\\Users\\hans.kristian.olsen\\source\\repos\\Sepes\\sepes-web\\sepes-web\\src\\components\\common\\customComponents\\infoDisplayComponents\\TextTruncate.tsx": {"lines":{"total":2,"covered":2,"skipped":0,"pct":100},"functions":{"total":1,"covered":1,"skipped":0,"pct":100},"statements":{"total":2,"covered":2,"skipped":0,"pct":100},"branches":{"total":3,"covered":2,"skipped":0,"pct":66.67}}
,"C:\\Users\\hans.kristian.olsen\\source\\repos\\Sepes\\sepes-web\\sepes-web\\src\\components\\common\\helpers\\datasetHelpers.tsx": {"lines":{"total":49,"covered":12,"skipped":0,"pct":24.49},"functions":{"total":12,"covered":1,"skipped":0,"pct":8.33},"statements":{"total":52,"covered":12,"skipped":0,"pct":23.08},"branches":{"total":33,"covered":8,"skipped":0,"pct":24.24}}
,"C:\\Users\\hans.kristian.olsen\\source\\repos\\Sepes\\sepes-web\\sepes-web\\src\\components\\common\\helpers\\helpers.tsx": {"lines":{"total":78,"covered":56,"skipped":0,"pct":71.79},"functions":{"total":19,"covered":14,"skipped":0,"pct":73.68},"statements":{"total":82,"covered":56,"skipped":0,"pct":68.29},"branches":{"total":61,"covered":39,"skipped":0,"pct":63.93}}
,"C:\\Users\\hans.kristian.olsen\\source\\repos\\Sepes\\sepes-web\\sepes-web\\src\\components\\common\\helpers\\sandboxHelpers.tsx": {"lines":{"total":170,"covered":139,"skipped":0,"pct":81.76},"functions":{"total":34,"covered":30,"skipped":0,"pct":88.24},"statements":{"total":179,"covered":144,"skipped":0,"pct":80.45},"branches":{"total":162,"covered":119,"skipped":0,"pct":73.46}}
,"C:\\Users\\hans.kristian.olsen\\source\\repos\\Sepes\\sepes-web\\sepes-web\\src\\components\\common\\helpers\\studyHelpers.tsx": {"lines":{"total":41,"covered":23,"skipped":0,"pct":56.1},"functions":{"total":7,"covered":4,"skipped":0,"pct":57.14},"statements":{"total":42,"covered":23,"skipped":0,"pct":54.76},"branches":{"total":47,"covered":27,"skipped":0,"pct":57.45}}
,"C:\\Users\\hans.kristian.olsen\\source\\repos\\Sepes\\sepes-web\\sepes-web\\src\\components\\common\\hooks\\useFetchUrl.tsx": {"lines":{"total":31,"covered":27,"skipped":0,"pct":87.1},"functions":{"total":5,"covered":5,"skipped":0,"pct":100},"statements":{"total":34,"covered":29,"skipped":0,"pct":85.29},"branches":{"total":25,"covered":20,"skipped":0,"pct":80}}
,"C:\\Users\\hans.kristian.olsen\\source\\repos\\Sepes\\sepes-web\\sepes-web\\src\\components\\common\\hooks\\useWindowDimensions.tsx": {"lines":{"total":8,"covered":7,"skipped":0,"pct":87.5},"functions":{"total":5,"covered":4,"skipped":0,"pct":80},"statements":{"total":9,"covered":8,"skipped":0,"pct":88.89},"branches":{"total":0,"covered":0,"skipped":0,"pct":100}}
,"C:\\Users\\hans.kristian.olsen\\source\\repos\\Sepes\\sepes-web\\sepes-web\\src\\components\\common\\informationalComponents\\GeneralError.tsx": {"lines":{"total":2,"covered":1,"skipped":0,"pct":50},"functions":{"total":1,"covered":0,"skipped":0,"pct":0},"statements":{"total":2,"covered":1,"skipped":0,"pct":50},"branches":{"total":0,"covered":0,"skipped":0,"pct":100}}
,"C:\\Users\\hans.kristian.olsen\\source\\repos\\Sepes\\sepes-web\\sepes-web\\src\\components\\common\\informationalComponents\\NoAccess.tsx": {"lines":{"total":2,"covered":1,"skipped":0,"pct":50},"functions":{"total":1,"covered":0,"skipped":0,"pct":0},"statements":{"total":2,"covered":1,"skipped":0,"pct":50},"branches":{"total":0,"covered":0,"skipped":0,"pct":100}}
,"C:\\Users\\hans.kristian.olsen\\source\\repos\\Sepes\\sepes-web\\sepes-web\\src\\components\\common\\informationalComponents\\NoApi.tsx": {"lines":{"total":2,"covered":2,"skipped":0,"pct":100},"functions":{"total":1,"covered":1,"skipped":0,"pct":100},"statements":{"total":2,"covered":2,"skipped":0,"pct":100},"branches":{"total":0,"covered":0,"skipped":0,"pct":100}}
,"C:\\Users\\hans.kristian.olsen\\source\\repos\\Sepes\\sepes-web\\sepes-web\\src\\components\\common\\informationalComponents\\NotFound.tsx": {"lines":{"total":2,"covered":1,"skipped":0,"pct":50},"functions":{"total":1,"covered":0,"skipped":0,"pct":0},"statements":{"total":2,"covered":1,"skipped":0,"pct":50},"branches":{"total":0,"covered":0,"skipped":0,"pct":100}}
,"C:\\Users\\hans.kristian.olsen\\source\\repos\\Sepes\\sepes-web\\sepes-web\\src\\components\\common\\staticValues\\Roles.ts": {"lines":{"total":1,"covered":1,"skipped":0,"pct":100},"functions":{"total":0,"covered":0,"skipped":0,"pct":100},"statements":{"total":1,"covered":1,"skipped":0,"pct":100},"branches":{"total":0,"covered":0,"skipped":0,"pct":100}}
,"C:\\Users\\hans.kristian.olsen\\source\\repos\\Sepes\\sepes-web\\sepes-web\\src\\components\\common\\staticValues\\commonLinks.ts": {"lines":{"total":5,"covered":5,"skipped":0,"pct":100},"functions":{"total":0,"covered":0,"skipped":0,"pct":100},"statements":{"total":5,"covered":5,"skipped":0,"pct":100},"branches":{"total":0,"covered":0,"skipped":0,"pct":100}}
,"C:\\Users\\hans.kristian.olsen\\source\\repos\\Sepes\\sepes-web\\sepes-web\\src\\components\\common\\staticValues\\lenghts.ts": {"lines":{"total":1,"covered":1,"skipped":0,"pct":100},"functions":{"total":0,"covered":0,"skipped":0,"pct":100},"statements":{"total":1,"covered":1,"skipped":0,"pct":100},"branches":{"total":0,"covered":0,"skipped":0,"pct":100}}
,"C:\\Users\\hans.kristian.olsen\\source\\repos\\Sepes\\sepes-web\\sepes-web\\src\\components\\common\\staticValues\\types.ts": {"lines":{"total":3,"covered":3,"skipped":0,"pct":100},"functions":{"total":0,"covered":0,"skipped":0,"pct":100},"statements":{"total":3,"covered":3,"skipped":0,"pct":100},"branches":{"total":0,"covered":0,"skipped":0,"pct":100}}
,"C:\\Users\\hans.kristian.olsen\\source\\repos\\Sepes\\sepes-web\\sepes-web\\src\\components\\common\\upload\\Dropzone.tsx": {"lines":{"total":5,"covered":2,"skipped":0,"pct":40},"functions":{"total":2,"covered":0,"skipped":0,"pct":0},"statements":{"total":5,"covered":2,"skipped":0,"pct":40},"branches":{"total":4,"covered":0,"skipped":0,"pct":0}}
,"C:\\Users\\hans.kristian.olsen\\source\\repos\\Sepes\\sepes-web\\sepes-web\\src\\components\\common\\upload\\DropzoneFile.tsx": {"lines":{"total":7,"covered":7,"skipped":0,"pct":100},"functions":{"total":2,"covered":2,"skipped":0,"pct":100},"statements":{"total":7,"covered":7,"skipped":0,"pct":100},"branches":{"total":14,"covered":8,"skipped":0,"pct":57.14}}
,"C:\\Users\\hans.kristian.olsen\\source\\repos\\Sepes\\sepes-web\\sepes-web\\src\\components\\common\\upload\\ImageDropzone.tsx": {"lines":{"total":10,"covered":2,"skipped":0,"pct":20},"functions":{"total":5,"covered":0,"skipped":0,"pct":0},"statements":{"total":10,"covered":2,"skipped":0,"pct":20},"branches":{"total":2,"covered":0,"skipped":0,"pct":0}}
,"C:\\Users\\hans.kristian.olsen\\source\\repos\\Sepes\\sepes-web\\sepes-web\\src\\components\\dataset\\CreateEditDataset.tsx": {"lines":{"total":115,"covered":67,"skipped":0,"pct":58.26},"functions":{"total":17,"covered":11,"skipped":0,"pct":64.71},"statements":{"total":115,"covered":67,"skipped":0,"pct":58.26},"branches":{"total":93,"covered":48,"skipped":0,"pct":51.61}}
,"C:\\Users\\hans.kristian.olsen\\source\\repos\\Sepes\\sepes-web\\sepes-web\\src\\components\\dataset\\DatasetDetails.tsx": {"lines":{"total":197,"covered":91,"skipped":0,"pct":46.19},"functions":{"total":44,"covered":15,"skipped":0,"pct":34.09},"statements":{"total":200,"covered":93,"skipped":0,"pct":46.5},"branches":{"total":122,"covered":42,"skipped":0,"pct":34.43}}
,"C:\\Users\\hans.kristian.olsen\\source\\repos\\Sepes\\sepes-web\\sepes-web\\src\\components\\dataset\\DatasetFileList.tsx": {"lines":{"total":91,"covered":21,"skipped":0,"pct":23.08},"functions":{"total":27,"covered":5,"skipped":0,"pct":18.52},"statements":{"total":94,"covered":22,"skipped":0,"pct":23.4},"branches":{"total":49,"covered":5,"skipped":0,"pct":10.2}}
,"C:\\Users\\hans.kristian.olsen\\source\\repos\\Sepes\\sepes-web\\sepes-web\\src\\components\\dataset\\DatasetInformation.tsx": {"lines":{"total":9,"covered":7,"skipped":0,"pct":77.78},"functions":{"total":4,"covered":2,"skipped":0,"pct":50},"statements":{"total":9,"covered":7,"skipped":0,"pct":77.78},"branches":{"total":21,"covered":17,"skipped":0,"pct":80.95}}
,"C:\\Users\\hans.kristian.olsen\\source\\repos\\Sepes\\sepes-web\\sepes-web\\src\\components\\dataset\\DatasetOverviewPage\\DatasetSearchFilter.tsx": {"lines":{"total":5,"covered":1,"skipped":0,"pct":20},"functions":{"total":2,"covered":0,"skipped":0,"pct":0},"statements":{"total":5,"covered":1,"skipped":0,"pct":20},"branches":{"total":0,"covered":0,"skipped":0,"pct":100}}
,"C:\\Users\\hans.kristian.olsen\\source\\repos\\Sepes\\sepes-web\\sepes-web\\src\\components\\dataset\\DatasetOverviewPage\\DatasetSidesheetView.tsx": {"lines":{"total":12,"covered":3,"skipped":0,"pct":25},"functions":{"total":3,"covered":0,"skipped":0,"pct":0},"statements":{"total":12,"covered":3,"skipped":0,"pct":25},"branches":{"total":4,"covered":0,"skipped":0,"pct":0}}
,"C:\\Users\\hans.kristian.olsen\\source\\repos\\Sepes\\sepes-web\\sepes-web\\src\\components\\dataset\\DatasetOverviewPage\\Datasets.tsx": {"lines":{"total":6,"covered":2,"skipped":0,"pct":33.33},"functions":{"total":1,"covered":0,"skipped":0,"pct":0},"statements":{"total":6,"covered":2,"skipped":0,"pct":33.33},"branches":{"total":4,"covered":0,"skipped":0,"pct":0}}
,"C:\\Users\\hans.kristian.olsen\\source\\repos\\Sepes\\sepes-web\\sepes-web\\src\\components\\dataset\\DatasetOverviewPage\\DatasetsOverviewTable.tsx": {"lines":{"total":77,"covered":6,"skipped":0,"pct":7.79},"functions":{"total":23,"covered":0,"skipped":0,"pct":0},"statements":{"total":78,"covered":6,"skipped":0,"pct":7.69},"branches":{"total":30,"covered":0,"skipped":0,"pct":0}}
,"C:\\Users\\hans.kristian.olsen\\source\\repos\\Sepes\\sepes-web\\sepes-web\\src\\components\\home\\Home.tsx": {"lines":{"total":10,"covered":10,"skipped":0,"pct":100},"functions":{"total":2,"covered":2,"skipped":0,"pct":100},"statements":{"total":10,"covered":10,"skipped":0,"pct":100},"branches":{"total":4,"covered":4,"skipped":0,"pct":100}}
,"C:\\Users\\hans.kristian.olsen\\source\\repos\\Sepes\\sepes-web\\sepes-web\\src\\components\\home\\Studies.tsx": {"lines":{"total":3,"covered":2,"skipped":0,"pct":66.67},"functions":{"total":2,"covered":1,"skipped":0,"pct":50},"statements":{"total":3,"covered":2,"skipped":0,"pct":66.67},"branches":{"total":3,"covered":3,"skipped":0,"pct":100}}
,"C:\\Users\\hans.kristian.olsen\\source\\repos\\Sepes\\sepes-web\\sepes-web\\src\\components\\home\\StudyComponent.tsx": {"lines":{"total":12,"covered":7,"skipped":0,"pct":58.33},"functions":{"total":2,"covered":0,"skipped":0,"pct":0},"statements":{"total":12,"covered":7,"skipped":0,"pct":58.33},"branches":{"total":4,"covered":0,"skipped":0,"pct":0}}
,"C:\\Users\\hans.kristian.olsen\\source\\repos\\Sepes\\sepes-web\\sepes-web\\src\\components\\releaseNotes\\ReleaseNotes.tsx": {"lines":{"total":22,"covered":4,"skipped":0,"pct":18.18},"functions":{"total":8,"covered":0,"skipped":0,"pct":0},"statements":{"total":23,"covered":4,"skipped":0,"pct":17.39},"branches":{"total":4,"covered":0,"skipped":0,"pct":0}}
,"C:\\Users\\hans.kristian.olsen\\source\\repos\\Sepes\\sepes-web\\sepes-web\\src\\components\\sandbox\\Execution.tsx": {"lines":{"total":5,"covered":4,"skipped":0,"pct":80},"functions":{"total":1,"covered":0,"skipped":0,"pct":0},"statements":{"total":5,"covered":4,"skipped":0,"pct":80},"branches":{"total":0,"covered":0,"skipped":0,"pct":100}}
,"C:\\Users\\hans.kristian.olsen\\source\\repos\\Sepes\\sepes-web\\sepes-web\\src\\components\\sandbox\\Sandbox.tsx": {"lines":{"total":41,"covered":36,"skipped":0,"pct":87.8},"functions":{"total":9,"covered":8,"skipped":0,"pct":88.89},"statements":{"total":41,"covered":36,"skipped":0,"pct":87.8},"branches":{"total":34,"covered":26,"skipped":0,"pct":76.47}}
,"C:\\Users\\hans.kristian.olsen\\source\\repos\\Sepes\\sepes-web\\sepes-web\\src\\components\\sandbox\\SandboxConfig.tsx": {"lines":{"total":5,"covered":5,"skipped":0,"pct":100},"functions":{"total":1,"covered":1,"skipped":0,"pct":100},"statements":{"total":5,"covered":5,"skipped":0,"pct":100},"branches":{"total":0,"covered":0,"skipped":0,"pct":100}}
,"C:\\Users\\hans.kristian.olsen\\source\\repos\\Sepes\\sepes-web\\sepes-web\\src\\components\\sandbox\\StepBar.tsx": {"lines":{"total":79,"covered":57,"skipped":0,"pct":72.15},"functions":{"total":22,"covered":15,"skipped":0,"pct":68.18},"statements":{"total":79,"covered":57,"skipped":0,"pct":72.15},"branches":{"total":42,"covered":23,"skipped":0,"pct":54.76}}
,"C:\\Users\\hans.kristian.olsen\\source\\repos\\Sepes\\sepes-web\\sepes-web\\src\\components\\sandbox\\components\\AddNewVm.tsx": {"lines":{"total":95,"covered":82,"skipped":0,"pct":86.32},"functions":{"total":29,"covered":22,"skipped":0,"pct":75.86},"statements":{"total":95,"covered":82,"skipped":0,"pct":86.32},"branches":{"total":40,"covered":34,"skipped":0,"pct":85}}
,"C:\\Users\\hans.kristian.olsen\\source\\repos\\Sepes\\sepes-web\\sepes-web\\src\\components\\sandbox\\components\\Dataset.tsx": {"lines":{"total":28,"covered":10,"skipped":0,"pct":35.71},"functions":{"total":6,"covered":2,"skipped":0,"pct":33.33},"statements":{"total":28,"covered":10,"skipped":0,"pct":35.71},"branches":{"total":19,"covered":9,"skipped":0,"pct":47.37}}
,"C:\\Users\\hans.kristian.olsen\\source\\repos\\Sepes\\sepes-web\\sepes-web\\src\\components\\sandbox\\components\\DatasetsConfirmed.tsx": {"lines":{"total":5,"covered":3,"skipped":0,"pct":60},"functions":{"total":2,"covered":0,"skipped":0,"pct":0},"statements":{"total":5,"covered":3,"skipped":0,"pct":60},"branches":{"total":2,"covered":0,"skipped":0,"pct":0}}
,"C:\\Users\\hans.kristian.olsen\\source\\repos\\Sepes\\sepes-web\\sepes-web\\src\\components\\sandbox\\components\\PolicyComponent.tsx": {"lines":{"total":3,"covered":3,"skipped":0,"pct":100},"functions":{"total":1,"covered":1,"skipped":0,"pct":100},"statements":{"total":3,"covered":3,"skipped":0,"pct":100},"branches":{"total":2,"covered":2,"skipped":0,"pct":100}}
,"C:\\Users\\hans.kristian.olsen\\source\\repos\\Sepes\\sepes-web\\sepes-web\\src\\components\\sandbox\\components\\ResourceItemComponent.tsx": {"lines":{"total":18,"covered":11,"skipped":0,"pct":61.11},"functions":{"total":5,"covered":2,"skipped":0,"pct":40},"statements":{"total":18,"covered":11,"skipped":0,"pct":61.11},"branches":{"total":16,"covered":8,"skipped":0,"pct":50}}
,"C:\\Users\\hans.kristian.olsen\\source\\repos\\Sepes\\sepes-web\\sepes-web\\src\\components\\sandbox\\components\\ResourcesComponent.tsx": {"lines":{"total":8,"covered":8,"skipped":0,"pct":100},"functions":{"total":3,"covered":3,"skipped":0,"pct":100},"statements":{"total":8,"covered":8,"skipped":0,"pct":100},"branches":{"total":5,"covered":5,"skipped":0,"pct":100}}
,"C:\\Users\\hans.kristian.olsen\\source\\repos\\Sepes\\sepes-web\\sepes-web\\src\\components\\sandbox\\components\\VmConfig.tsx": {"lines":{"total":63,"covered":57,"skipped":0,"pct":90.48},"functions":{"total":18,"covered":16,"skipped":0,"pct":88.89},"statements":{"total":67,"covered":61,"skipped":0,"pct":91.04},"branches":{"total":51,"covered":40,"skipped":0,"pct":78.43}}
,"C:\\Users\\hans.kristian.olsen\\source\\repos\\Sepes\\sepes-web\\sepes-web\\src\\components\\sandbox\\components\\VmDetails.tsx": {"lines":{"total":182,"covered":120,"skipped":0,"pct":65.93},"functions":{"total":47,"covered":32,"skipped":0,"pct":68.09},"statements":{"total":186,"covered":123,"skipped":0,"pct":66.13},"branches":{"total":107,"covered":63,"skipped":0,"pct":58.88}}
,"C:\\Users\\hans.kristian.olsen\\source\\repos\\Sepes\\sepes-web\\sepes-web\\src\\components\\sandbox\\components\\VmProperties.tsx": {"lines":{"total":39,"covered":27,"skipped":0,"pct":69.23},"functions":{"total":14,"covered":6,"skipped":0,"pct":42.86},"statements":{"total":39,"covered":27,"skipped":0,"pct":69.23},"branches":{"total":36,"covered":24,"skipped":0,"pct":66.67}}
,"C:\\Users\\hans.kristian.olsen\\source\\repos\\Sepes\\sepes-web\\sepes-web\\src\\components\\studyDetails\\CreateSandboxComponent.tsx": {"lines":{"total":36,"covered":33,"skipped":0,"pct":91.67},"functions":{"total":9,"covered":9,"skipped":0,"pct":100},"statements":{"total":37,"covered":34,"skipped":0,"pct":91.89},"branches":{"total":12,"covered":8,"skipped":0,"pct":66.67}}
,"C:\\Users\\hans.kristian.olsen\\source\\repos\\Sepes\\sepes-web\\sepes-web\\src\\components\\studyDetails\\DataSetComponent.tsx": {"lines":{"total":27,"covered":21,"skipped":0,"pct":77.78},"functions":{"total":8,"covered":5,"skipped":0,"pct":62.5},"statements":{"total":28,"covered":21,"skipped":0,"pct":75},"branches":{"total":23,"covered":19,"skipped":0,"pct":82.61}}
,"C:\\Users\\hans.kristian.olsen\\source\\repos\\Sepes\\sepes-web\\sepes-web\\src\\components\\studyDetails\\Overview.tsx": {"lines":{"total":26,"covered":10,"skipped":0,"pct":38.46},"functions":{"total":7,"covered":1,"skipped":0,"pct":14.29},"statements":{"total":26,"covered":10,"skipped":0,"pct":38.46},"branches":{"total":35,"covered":18,"skipped":0,"pct":51.43}}
,"C:\\Users\\hans.kristian.olsen\\source\\repos\\Sepes\\sepes-web\\sepes-web\\src\\components\\studyDetails\\ParticipantComponent.tsx": {"lines":{"total":89,"covered":6,"skipped":0,"pct":6.74},"functions":{"total":20,"covered":0,"skipped":0,"pct":0},"statements":{"total":91,"covered":6,"skipped":0,"pct":6.59},"branches":{"total":60,"covered":0,"skipped":0,"pct":0}}
,"C:\\Users\\hans.kristian.olsen\\source\\repos\\Sepes\\sepes-web\\sepes-web\\src\\components\\studyDetails\\SandboxComponent.tsx": {"lines":{"total":13,"covered":12,"skipped":0,"pct":92.31},"functions":{"total":5,"covered":5,"skipped":0,"pct":100},"statements":{"total":13,"covered":12,"skipped":0,"pct":92.31},"branches":{"total":6,"covered":5,"skipped":0,"pct":83.33}}
,"C:\\Users\\hans.kristian.olsen\\source\\repos\\Sepes\\sepes-web\\sepes-web\\src\\components\\studyDetails\\StudyComponentFull.tsx": {"lines":{"total":146,"covered":108,"skipped":0,"pct":73.97},"functions":{"total":35,"covered":29,"skipped":0,"pct":82.86},"statements":{"total":146,"covered":108,"skipped":0,"pct":73.97},"branches":{"total":116,"covered":82,"skipped":0,"pct":70.69}}
,"C:\\Users\\hans.kristian.olsen\\source\\repos\\Sepes\\sepes-web\\sepes-web\\src\\components\\studyDetails\\StudyDetails.tsx": {"lines":{"total":39,"covered":36,"skipped":0,"pct":92.31},"functions":{"total":6,"covered":6,"skipped":0,"pct":100},"statements":{"total":39,"covered":36,"skipped":0,"pct":92.31},"branches":{"total":36,"covered":28,"skipped":0,"pct":77.78}}
,"C:\\Users\\hans.kristian.olsen\\source\\repos\\Sepes\\sepes-web\\sepes-web\\src\\components\\studyDetails\\Tables\\DatasetsTable.tsx": {"lines":{"total":20,"covered":13,"skipped":0,"pct":65},"functions":{"total":12,"covered":5,"skipped":0,"pct":41.67},"statements":{"total":22,"covered":14,"skipped":0,"pct":63.64},"branches":{"total":32,"covered":15,"skipped":0,"pct":46.88}}
,"C:\\Users\\hans.kristian.olsen\\source\\repos\\Sepes\\sepes-web\\sepes-web\\src\\components\\studyDetails\\Tables\\ParticipantTable.tsx": {"lines":{"total":8,"covered":7,"skipped":0,"pct":87.5},"functions":{"total":3,"covered":2,"skipped":0,"pct":66.67},"statements":{"total":8,"covered":7,"skipped":0,"pct":87.5},"branches":{"total":19,"covered":9,"skipped":0,"pct":47.37}}
,"C:\\Users\\hans.kristian.olsen\\source\\repos\\Sepes\\sepes-web\\sepes-web\\src\\components\\studyDetails\\Tables\\SandboxTable.tsx": {"lines":{"total":13,"covered":9,"skipped":0,"pct":69.23},"functions":{"total":5,"covered":1,"skipped":0,"pct":20},"statements":{"total":14,"covered":9,"skipped":0,"pct":64.29},"branches":{"total":10,"covered":3,"skipped":0,"pct":30}}
,"C:\\Users\\hans.kristian.olsen\\source\\repos\\Sepes\\sepes-web\\sepes-web\\src\\components\\topbar\\TopBar.tsx": {"lines":{"total":38,"covered":24,"skipped":0,"pct":63.16},"functions":{"total":10,"covered":2,"skipped":0,"pct":20},"statements":{"total":41,"covered":25,"skipped":0,"pct":60.98},"branches":{"total":14,"covered":3,"skipped":0,"pct":21.43}}
,"C:\\Users\\hans.kristian.olsen\\source\\repos\\Sepes\\sepes-web\\sepes-web\\src\\services\\Api.ts": {"lines":{"total":103,"covered":70,"skipped":0,"pct":67.96},"functions":{"total":51,"covered":19,"skipped":0,"pct":37.25},"statements":{"total":103,"covered":70,"skipped":0,"pct":67.96},"branches":{"total":0,"covered":0,"skipped":0,"pct":100}}
,"C:\\Users\\hans.kristian.olsen\\source\\repos\\Sepes\\sepes-web\\sepes-web\\src\\services\\ApiCallStrings.ts": {"lines":{"total":28,"covered":23,"skipped":0,"pct":82.14},"functions":{"total":14,"covered":9,"skipped":0,"pct":64.29},"statements":{"total":28,"covered":23,"skipped":0,"pct":82.14},"branches":{"total":0,"covered":0,"skipped":0,"pct":100}}
,"C:\\Users\\hans.kristian.olsen\\source\\repos\\Sepes\\sepes-web\\sepes-web\\src\\services\\BlobStorage.ts": {"lines":{"total":56,"covered":4,"skipped":0,"pct":7.14},"functions":{"total":7,"covered":0,"skipped":0,"pct":0},"statements":{"total":57,"covered":4,"skipped":0,"pct":7.02},"branches":{"total":28,"covered":0,"skipped":0,"pct":0}}
,"C:\\Users\\hans.kristian.olsen\\source\\repos\\Sepes\\sepes-web\\sepes-web\\src\\utils\\CommonUtil.ts": {"lines":{"total":6,"covered":6,"skipped":0,"pct":100},"functions":{"total":3,"covered":3,"skipped":0,"pct":100},"statements":{"total":6,"covered":6,"skipped":0,"pct":100},"branches":{"total":0,"covered":0,"skipped":0,"pct":100}}
,"C:\\Users\\hans.kristian.olsen\\source\\repos\\Sepes\\sepes-web\\sepes-web\\src\\utils\\DatasetUtil.ts": {"lines":{"total":8,"covered":4,"skipped":0,"pct":50},"functions":{"total":2,"covered":1,"skipped":0,"pct":50},"statements":{"total":8,"covered":4,"skipped":0,"pct":50},"branches":{"total":4,"covered":1,"skipped":0,"pct":25}}
}
